
         ==============================
         S N O P T  7.2-12.3 (Aug 2014)
         ==============================
      snopt-print.out
 XXX  Keyword not recognized:         SNOPT-PRINT.OUT
      Derivative option               1
      Verify level              -1
      snopt-summary.out
 XXX  Keyword not recognized:         SNOPT-SUMMARY.OU
      Major optimality tolerance  1.30000000E-04
      Major iteration limit         1000000
1
 
 SNMEMA EXIT 100 -- finished successfully
 SNMEMA INFO 104 -- memory requirements estimated
      Total character workspace             500
      Total integer   workspace         1298225
      Total real      workspace          993575
1
 
 Parameters
 ==========

 Files
 -----
 Solution file..........         0       Old basis file ........         0       Standard input.........         5
 Insert file............         0       New basis file ........         0       (Printer)..............        18
 Punch file.............         0       Backup basis file......         0       (Specs file)...........         0
 Load file..............         0       Dump file..............         0       Standard output........         6

 Frequencies
 -----------
 Print frequency........       100       Check frequency........        60       Save new basis map.....       100
 Summary frequency......       100       Factorization frequency        50       Expand frequency.......     10000

 QP subproblems
 --------------
 QPsolver Cholesky......
 Scale tolerance........     0.900       Minor feasibility tol..  1.00E-06       Iteration limit........     10000
 Scale option...........         0       Minor optimality  tol..  1.00E-06       Minor print level......         1
 Crash tolerance........     0.100       Pivot tolerance........  3.25E-11       Partial price..........         1
 Crash option...........         3       Elastic weight.........  1.00E+04       Prtl price section ( A)        80
                                         New superbasics........        99       Prtl price section (-I)       981

 The SQP Method
 --------------
 Minimize...............                 Cold start.............                 Proximal Point method..         1
 Nonlinear objectiv vars        80       Objective Row..........         1       Function precision.....  3.00E-13
 Unbounded step size....  1.00E+20       Superbasics limit......        80       Difference interval....  5.48E-07
 Unbounded objective....  1.00E+15       Reduced Hessian dim....        80       Central difference int.  6.70E-05
 Major step limit.......  2.00E+00       Derivative linesearch..                 Derivative option......         1
 Major iterations limit.   1000000       Linesearch tolerance...   0.90000       Verify level...........        -1
 Minor iterations limit.       500       Penalty parameter......  0.00E+00       Major Print Level......         1
                                         Major optimality tol...  1.30E-04

 Hessian Approximation
 ---------------------
 Limited-Memory Hessian.                 Hessian updates........        10       Hessian frequency......  99999999
                                                                                 Hessian flush..........  99999999

 Nonlinear constraints
 ---------------------
 Nonlinear constraints..       980       Major feasibility tol..  1.00E-06       Violation limit........  1.00E+06
 Nonlinear Jacobian vars        80

 Miscellaneous
 -------------
 LU factor tolerance....      3.99       LU singularity tol.....  3.25E-11       Timing level...........         3
 LU update tolerance....      3.99       LU swap tolerance......  1.22E-04       Debug level............         0
 LU partial  pivoting...                 eps (machine precision)  2.22E-16       System information.....        No
                                                                                 Sticky parameters......        No
1
 

 

 Matrix statistics
 -----------------
               Total      Normal        Free       Fixed     Bounded
 Rows            981         980           1           0           0
 Columns          80           0           0           0          80

 No. of matrix elements                78400     Density      99.898
 Biggest  constant element        0.0000E+00  (excluding fixed columns,
 Smallest constant element        0.0000E+00   free rows, and RHS)

 No. of objective coefficients             0

 Nonlinear constraints     980     Linear constraints       1
 Nonlinear variables        80     Linear variables         0
 Jacobian  variables        80     Objective variables     80
 Total constraints         981     Total variables         80
1
 

 
 The user has defined   78480   out of   78480   first  derivatives
1
 

    Itn       QPmult  QPstep   nInf   SumInf   rgNorm    QPobjective   +SBS   -SBS    -BS    Pivot     L+U ncp    nS  condHz
    100      1.7E+00 1.3E-01                  7.1E+00 -5.8965398E+00   1040   1040   1059  2.5E-01    7270         1 1.3E+02
 

   Itns Major Minors    Step   nCon Feasible  Optimal  MeritFunction     L+U BSwap     nS  condHz Penalty
    157     0    157              1  1.6E-04  3.5E-02 -1.1290611E+01    7432           13 3.3E+07         _  r
    159     1      2 3.7E-02      2  1.5E-04  2.8E-02 -9.8122768E+00    6388    13     12 8.7E+00 4.3E+01 _n rl
    178     2     19 3.8E-02      3  1.4E-04  1.5E-03 -9.7551459E+00    6833           12 1.3E+05 4.8E+01 _s  l
    227     3     49 1.2E-01      6  1.2E-04  9.1E-04 -1.0904464E+01    7465           13 3.6E+07 1.2E+01 _
    238     4     11 1.4E-01      9  1.2E-04  1.4E-03 -1.0980734E+01    6639    13     11 9.8E+03 1.2E+01 _
    303     5     65 1.8E-01     12  1.1E-04  1.0E-02 -1.1040719E+01    7349           15 3.6E+08 1.2E+01 _
    331     6     28 2.1E-01     15  7.8E-05  8.7E-03 -1.1100495E+01    6698    14     16 1.0E+07 1.2E+01 _
    368     7     37 1.6E-01     18  6.7E-05  4.5E-03 -1.1130717E+01    7159           18 1.1E+09 1.2E+01 _
    394     8     26 1.8E-01     21  5.5E-05  3.5E-03 -1.1156621E+01    6583    15     18 5.2E+07 1.2E+01 _
    408     9     14 2.0E-01     24  4.5E-05  1.8E-03 -1.1179606E+01    6341           19 3.0E+07 1.2E+01 _
    421    10     13 1.4E-01     27  4.0E-05  2.2E-03 -1.1192975E+01    6189           17 1.2E+08 1.2E+01 _
    468    11     47 1.7E-01     30  3.3E-05  2.0E-03 -1.1203404E+01    6763           20 1.1E+09 1.2E+01 _
    490    12     22 3.9E-01     32  2.1E-05  6.3E-03 -1.1223626E+01    5882    13     35 2.8E+08 1.2E+01 _  R
    501    13     11 1.0E+00     33  5.0E-06  1.3E-03 -1.1222511E+01    5061    17     33 3.2E+07 1.2E+01 _s
    505    14      4 1.0E+00     34 (2.8E-07) 1.1E-03 -1.1231322E+01    4971           30 7.0E+01 1.2E+01 _
    516    15     11 1.0E+00     35  5.1E-06  5.1E-04 -1.1234399E+01    5311           30 2.4E+07 1.2E+01 _
    523    16      7 5.4E-01     37  2.6E-06  7.6E-04 -1.1235598E+01    5626           26 1.9E+08 1.2E+01 _
    529    17      6 4.1E-01     39  1.6E-06  9.5E-04 -1.1237241E+01    5620           25 1.2E+07 1.2E+01 _
    531    18      2 4.5E-01     41  1.1E-06  9.1E-04 -1.1238706E+01    5618           26 1.4E+07 1.2E+01 _

         ==============================
         S N O P T  7.2-12.3 (Aug 2014)
         ==============================
      snopt-print.out
 XXX  Keyword not recognized:         SNOPT-PRINT.OUT
      Derivative option               1
      Verify level              -1
      snopt-summary.out
 XXX  Keyword not recognized:         SNOPT-SUMMARY.OU
      Major optimality tolerance  1.30000000E-04
      Major iteration limit         1000000
1
 
 SNMEMA EXIT 100 -- finished successfully
 SNMEMA INFO 104 -- memory requirements estimated
      Total character workspace             500
      Total integer   workspace         1298225
      Total real      workspace          993575
1
 
 Parameters
 ==========

 Files
 -----
 Solution file..........         0       Old basis file ........         0       Standard input.........         5
 Insert file............         0       New basis file ........         0       (Printer)..............        18
 Punch file.............         0       Backup basis file......         0       (Specs file)...........         0
 Load file..............         0       Dump file..............         0       Standard output........         6

 Frequencies
 -----------
 Print frequency........       100       Check frequency........        60       Save new basis map.....       100
 Summary frequency......       100       Factorization frequency        50       Expand frequency.......     10000

 QP subproblems
 --------------
 QPsolver Cholesky......
 Scale tolerance........     0.900       Minor feasibility tol..  1.00E-06       Iteration limit........     10000
 Scale option...........         0       Minor optimality  tol..  1.00E-06       Minor print level......         1
 Crash tolerance........     0.100       Pivot tolerance........  3.25E-11       Partial price..........         1
 Crash option...........         3       Elastic weight.........  1.00E+04       Prtl price section ( A)        80
                                         New superbasics........        99       Prtl price section (-I)       981

 The SQP Method
 --------------
 Minimize...............                 Cold start.............                 Proximal Point method..         1
 Nonlinear objectiv vars        80       Objective Row..........         1       Function precision.....  3.00E-13
 Unbounded step size....  1.00E+20       Superbasics limit......        80       Difference interval....  5.48E-07
 Unbounded objective....  1.00E+15       Reduced Hessian dim....        80       Central difference int.  6.70E-05
 Major step limit.......  2.00E+00       Derivative linesearch..                 Derivative option......         1
 Major iterations limit.   1000000       Linesearch tolerance...   0.90000       Verify level...........        -1
 Minor iterations limit.       500       Penalty parameter......  0.00E+00       Major Print Level......         1
                                         Major optimality tol...  1.30E-04

 Hessian Approximation
 ---------------------
 Limited-Memory Hessian.                 Hessian updates........        10       Hessian frequency......  99999999
                                                                                 Hessian flush..........  99999999

 Nonlinear constraints
 ---------------------
 Nonlinear constraints..       980       Major feasibility tol..  1.00E-06       Violation limit........  1.00E+06
 Nonlinear Jacobian vars        80

 Miscellaneous
 -------------
 LU factor tolerance....      3.99       LU singularity tol.....  3.25E-11       Timing level...........         3
 LU update tolerance....      3.99       LU swap tolerance......  1.22E-04       Debug level............         0
 LU partial  pivoting...                 eps (machine precision)  2.22E-16       System information.....        No
                                                                                 Sticky parameters......        No
1
 

 

 Matrix statistics
 -----------------
               Total      Normal        Free       Fixed     Bounded
 Rows            981         980           1           0           0
 Columns          80           0           0           0          80

 No. of matrix elements                78400     Density      99.898
 Biggest  constant element        0.0000E+00  (excluding fixed columns,
 Smallest constant element        0.0000E+00   free rows, and RHS)

 No. of objective coefficients             0

 Nonlinear constraints     980     Linear constraints       1
 Nonlinear variables        80     Linear variables         0
 Jacobian  variables        80     Objective variables     80
 Total constraints         981     Total variables         80
1
 

 
 The user has defined   78480   out of   78480   first  derivatives
1
 

    Itn       QPmult  QPstep   nInf   SumInf   rgNorm    QPobjective   +SBS   -SBS    -BS    Pivot     L+U ncp    nS  condHz
    100      1.7E+00 1.3E-01                  7.1E+00 -5.8965398E+00   1040   1040   1059  2.5E-01    7270         1 1.3E+02
 

   Itns Major Minors    Step   nCon Feasible  Optimal  MeritFunction     L+U BSwap     nS  condHz Penalty
    157     0    157              1  1.6E-04  3.5E-02 -1.1290611E+01    7432           13 3.3E+07         _  r
    159     1      2 3.7E-02      2  1.5E-04  2.8E-02 -9.8122768E+00    6388    13     12 8.7E+00 4.3E+01 _n rl
    178     2     19 3.8E-02      3  1.4E-04  1.5E-03 -9.7551459E+00    6833           12 1.3E+05 4.8E+01 _s  l
    227     3     49 1.2E-01      6  1.2E-04  9.1E-04 -1.0904464E+01    7465           13 3.6E+07 1.2E+01 _
    238     4     11 1.4E-01      9  1.2E-04  1.4E-03 -1.0980734E+01    6639    13     11 9.8E+03 1.2E+01 _
    303     5     65 1.8E-01     12  1.1E-04  1.0E-02 -1.1040719E+01    7349           15 3.6E+08 1.2E+01 _
    331     6     28 2.1E-01     15  7.8E-05  8.7E-03 -1.1100495E+01    6698    14     16 1.0E+07 1.2E+01 _
    368     7     37 1.6E-01     18  6.7E-05  4.5E-03 -1.1130717E+01    7159           18 1.1E+09 1.2E+01 _
    394     8     26 1.8E-01     21  5.5E-05  3.5E-03 -1.1156621E+01    6583    15     18 5.2E+07 1.2E+01 _
    408     9     14 2.0E-01     24  4.5E-05  1.8E-03 -1.1179606E+01    6341           19 3.0E+07 1.2E+01 _
    421    10     13 1.4E-01     27  4.0E-05  2.2E-03 -1.1192975E+01    6189           17 1.2E+08 1.2E+01 _
    468    11     47 1.7E-01     30  3.3E-05  2.0E-03 -1.1203404E+01    6763           20 1.1E+09 1.2E+01 _
    490    12     22 3.9E-01     32  2.1E-05  6.3E-03 -1.1223626E+01    5882    13     35 2.8E+08 1.2E+01 _  R
    501    13     11 1.0E+00     33  5.0E-06  1.3E-03 -1.1222511E+01    5061    17     33 3.2E+07 1.2E+01 _s
    505    14      4 1.0E+00     34 (2.8E-07) 1.1E-03 -1.1231322E+01    4971           30 7.0E+01 1.2E+01 _
    516    15     11 1.0E+00     35  5.1E-06  5.1E-04 -1.1234399E+01    5311           30 2.4E+07 1.2E+01 _
    523    16      7 5.4E-01     37  2.6E-06  7.6E-04 -1.1235598E+01    5626           26 1.9E+08 1.2E+01 _
    529    17      6 4.1E-01     39  1.6E-06  9.5E-04 -1.1237241E+01    5620           25 1.2E+07 1.2E+01 _

         ==============================
         S N O P T  7.2-12.3 (Aug 2014)
         ==============================
      snopt-print.out
 XXX  Keyword not recognized:         SNOPT-PRINT.OUT
      Derivative option               1
      Verify level              -1
      snopt-summary.out
 XXX  Keyword not recognized:         SNOPT-SUMMARY.OU
      Major optimality tolerance  1.30000000E-04
      Major iteration limit         1000000
1
 
 SNMEMA EXIT 100 -- finished successfully
 SNMEMA INFO 104 -- memory requirements estimated
      Total character workspace             500
      Total integer   workspace         1298225
      Total real      workspace          993575
1
 
 Parameters
 ==========

 Files
 -----
 Solution file..........         0       Old basis file ........         0       Standard input.........         5
 Insert file............         0       New basis file ........         0       (Printer)..............        18
 Punch file.............         0       Backup basis file......         0       (Specs file)...........         0
 Load file..............         0       Dump file..............         0       Standard output........         6

 Frequencies
 -----------
 Print frequency........       100       Check frequency........        60       Save new basis map.....       100
 Summary frequency......       100       Factorization frequency        50       Expand frequency.......     10000

 QP subproblems
 --------------
 QPsolver Cholesky......
 Scale tolerance........     0.900       Minor feasibility tol..  1.00E-06       Iteration limit........     10000
 Scale option...........         0       Minor optimality  tol..  1.00E-06       Minor print level......         1
 Crash tolerance........     0.100       Pivot tolerance........  3.25E-11       Partial price..........         1
 Crash option...........         3       Elastic weight.........  1.00E+04       Prtl price section ( A)        80
                                         New superbasics........        99       Prtl price section (-I)       981

 The SQP Method
 --------------
 Minimize...............                 Cold start.............                 Proximal Point method..         1
 Nonlinear objectiv vars        80       Objective Row..........         1       Function precision.....  3.00E-13
 Unbounded step size....  1.00E+20       Superbasics limit......        80       Difference interval....  5.48E-07
 Unbounded objective....  1.00E+15       Reduced Hessian dim....        80       Central difference int.  6.70E-05
 Major step limit.......  2.00E+00       Derivative linesearch..                 Derivative option......         1
 Major iterations limit.   1000000       Linesearch tolerance...   0.90000       Verify level...........        -1
 Minor iterations limit.       500       Penalty parameter......  0.00E+00       Major Print Level......         1
                                         Major optimality tol...  1.30E-04

 Hessian Approximation
 ---------------------
 Limited-Memory Hessian.                 Hessian updates........        10       Hessian frequency......  99999999
                                                                                 Hessian flush..........  99999999

 Nonlinear constraints
 ---------------------
 Nonlinear constraints..       980       Major feasibility tol..  1.00E-06       Violation limit........  1.00E+06
 Nonlinear Jacobian vars        80

 Miscellaneous
 -------------
 LU factor tolerance....      3.99       LU singularity tol.....  3.25E-11       Timing level...........         3
 LU update tolerance....      3.99       LU swap tolerance......  1.22E-04       Debug level............         0
 LU partial  pivoting...                 eps (machine precision)  2.22E-16       System information.....        No
                                                                                 Sticky parameters......        No
1
 

 

 Matrix statistics
 -----------------
               Total      Normal        Free       Fixed     Bounded
 Rows            981         980           1           0           0
 Columns          80           0           0           0          80

 No. of matrix elements                78400     Density      99.898
 Biggest  constant element        0.0000E+00  (excluding fixed columns,
 Smallest constant element        0.0000E+00   free rows, and RHS)

 No. of objective coefficients             0

 Nonlinear constraints     980     Linear constraints       1
 Nonlinear variables        80     Linear variables         0
 Jacobian  variables        80     Objective variables     80
 Total constraints         981     Total variables         80
1
 

 
 The user has defined   78480   out of   78480   first  derivatives
1
 

    Itn       LPmult  LPstep   nInf   SumInf             LPobjective   +SBS   -SBS    -BS    Pivot     L+U ncp
    100      1.4E-01 5.6E-01      1  1.0E-01                           1033   1033    431  3.4E+02    7275
 

   Itns Major Minors    Step   nCon Feasible  Optimal  MeritFunction     L+U BSwap     nS  condHz Penalty
    158     0    158              1  2.0E-04  3.7E-02 -1.1290611E+01    7512            9 5.5E+02         _  r
    169     1     11 2.0E-02      2  1.9E-04  1.7E-02 -6.2856675E+00    7254     9      5 4.1E+04 8.3E+01 _n rl
    184     2     15 2.0E-02      3  1.8E-04  1.9E-02 -6.1271560E+00    7464            4 2.7E+03 9.0E+01 _s  l
    236     3     52 3.8E-03      8  1.8E-04  1.3E-02 -1.0100448E+01    7486            6 5.4E+07 1.7E+01 _ m

    Itn       QPmult  QPstep   nInf   SumInf   rgNorm    QPobjective   +SBS   -SBS    -BS    Pivot     L+U ncp    nS  condHz
    336              1.0E+00                  1.3E-14 -1.0312469E+01                                  7399         4 5.3E+05

   Itns Major Minors    Step   nCon Feasible  Optimal  MeritFunction     L+U BSwap     nS  condHz Penalty
    394     4    158 6.0E-02     12  1.7E-04  3.7E-03 -1.0076406E+01    7486     6     12 1.2E+07 1.7E+01 _ m

    Itn       LPmult  LPstep   nInf   SumInf             LPobjective   +SBS   -SBS    -BS    Pivot     L+U ncp
    494      2.6E+00 2.2E+00     11  1.1E+03                            407    407   1052  1.3E-02    7401
    594      5.6E-04 3.0E+05      1  1.6E-01                            542    542   1056  2.2E-04    7422
    694      2.0E+00 5.8E-01                  2.7E-03 -1.0146352E+01   1039   1039   1028  3.8E-01    7456   1     4 1.9E+02

   Itns Major Minors    Step   nCon Feasible  Optimal  MeritFunction     L+U BSwap     nS  condHz Penalty
    779     5    385 2.9E-02     19  1.7E-04  5.2E-03 -1.0142192E+01    7594           13 2.8E+08 1.7E+01 _ M

    Itn       QPmult  QPstep   nInf   SumInf   rgNorm    QPobjective   +SBS   -SBS    -BS    Pivot     L+U ncp    nS  condHz
    879      1.9E-02 1.0E+00                  9.7E-12 -1.0721604E+01   1028                           7675        13 1.8E+07

   Itns Major Minors    Step   nCon Feasible  Optimal  MeritFunction     L+U BSwap     nS  condHz Penalty
    887     6    108 2.4E-02     25  1.7E-04  4.1E-03 -1.0190801E+01    7675           15 2.0E+08 1.7E+01 _ M
    919     7     32 2.5E-02     31  1.6E-04  2.1E-03 -1.0213200E+01    6692           21 3.2E+08 1.8E+01 _ m

    Itn       QPmult  QPstep   nInf   SumInf   rgNorm    QPobjective   +SBS   -SBS    -BS    Pivot     L+U ncp    nS  condHz
   1019              1.0E+00                  4.7E-13 -1.0996815E+01                                  7597   1    21 7.4E+09

   Itns Major Minors    Step   nCon Feasible  Optimal  MeritFunction     L+U BSwap     nS  condHz Penalty
   1039     8    120 2.9E-02     36  1.5E-04  5.5E-03 -1.0298333E+01    7592           21 3.3E+09 1.8E+01 _ m
   1070     9     31 3.3E-02     43  1.5E-04  5.5E-03 -1.0364527E+01    7465           23 1.1E+08 1.8E+01 _ M
   1083    10     13 2.5E-02     49  1.4E-04  4.2E-03 -1.0409254E+01    5734           29 2.0E+06 1.8E+01 _ m
   1128    11     45 8.8E-02     55  1.3E-04  3.4E-03 -1.0566392E+01    6649           23 3.0E+08 1.8E+01 _ M
   1221    12     93 1.1E-01     58  1.1E-04  2.1E-02 -1.0710577E+01    7277           23 2.0E+09 1.8E+01 _  R

    Itn       QPmult  QPstep   nInf   SumInf   rgNorm    QPobjective   +SBS   -SBS    -BS    Pivot     L+U ncp    nS  condHz
   1321      7.7E-04 6.0E-01                  3.1E-04 -1.0975782E+01    854   1057        -4.9E-02    7778        12 7.3E+06

   Itns Major Minors    Step   nCon Feasible  Optimal  MeritFunction     L+U BSwap     nS  condHz Penalty
   1383    13    162 2.8E-01     61  8.2E-05  2.4E-03 -1.0574979E+01    7825           23 1.3E+08 2.3E+01 _s
   1391    14      8 2.1E-01     64  6.8E-05  4.4E-03 -1.0782011E+01    5918    23     22 3.6E+08 2.3E+01 _
   1404    15     13 3.8E-01     66  4.4E-05  3.1E-03 -1.1005570E+01    6253     4     18 1.5E+07 2.3E+01 _
   1435    16     31 2.6E-01     70  3.3E-05  4.2E-03 -1.1088711E+01    6765           22 5.1E+08 2.3E+01 _ M
   1496    17     61 3.7E-01     73  2.1E-05  1.1E-03 -1.1165738E+01    6952    15     24 1.3E+10 2.3E+01 _ M
   1514    18     18 4.6E-01     76  1.2E-05  1.6E-03 -1.1195937E+01    6007           23 2.4E+07 2.3E+01 _ M
   1522    19      8 4.0E-01     79  6.9E-06  7.3E-04 -1.1205128E+01    6097           22 8.4E+06 2.3E+01 _ M

   Itns Major Minors    Step   nCon Feasible  Optimal  MeritFunction     L+U BSwap     nS  condHz Penalty
   1535    20     13 4.0E-01     81  1.4E-05  6.9E-04 -1.1208170E+01    6345           20 2.1E+06 2.3E+01 _
   1575    21     40 3.8E-01     83  7.4E-06  8.2E-04 -1.1212882E+01    6837           21 4.2E+07 2.3E+01 _
   1579    22      4 4.9E-01     85  1.6E-05  9.6E-04 -1.1215262E+01    5922    16     20 5.4E+05 2.3E+01 _
   1591    23     12 4.2E-01     87  1.6E-05  8.0E-04 -1.1216579E+01    6087           23 6.8E+07 2.3E+01 _  R
   1598    24      7 1.0E+00     88 (7.6E-07) 8.5E-04 -1.1217783E+01    5822           21 5.6E+06 2.3E+01 _s
   1604    25      6 2.0E-01     91 (3.6E-07) 8.4E-04 -1.1218637E+01    6082           18 2.6E+07 2.3E+01 _
   1607    26      3 2.1E-01     94  1.1E-06  6.6E-04 -1.1219413E+01    6083           18 1.9E+07 2.3E+01 _
   1618    27     11 2.0E-01     97 (7.5E-07) 9.4E-04 -1.1220269E+01    6169           18 8.5E+04 2.3E+01 _
   1643    28     25 1.5E-01    101 (5.6E-07) 1.9E-03 -1.1221048E+01    6672           16 2.8E+05 2.3E+01 _ m
   1656    29     13 2.0E-02    107 (5.5E-07) 9.0E-04 -1.1221472E+01    6683           22 6.2E+07 2.3E+01 _
   1664    30      8 1.3E-01    110  1.6E-06  1.4E-03 -1.1222669E+01    6023           19 5.5E+07 2.3E+01 _

         ==============================
         S N O P T  7.2-12.3 (Aug 2014)
         ==============================
      snopt-print.out
 XXX  Keyword not recognized:         SNOPT-PRINT.OUT
      Derivative option               1
      Verify level              -1
      snopt-summary.out
 XXX  Keyword not recognized:         SNOPT-SUMMARY.OU
      Major optimality tolerance  1.30000000E-04
      Major iteration limit         1000000
1
 
 SNMEMA EXIT 100 -- finished successfully
 SNMEMA INFO 104 -- memory requirements estimated
      Total character workspace             500
      Total integer   workspace         1298225
      Total real      workspace          993575
1
 
 Parameters
 ==========

 Files
 -----
 Solution file..........         0       Old basis file ........         0       Standard input.........         5
 Insert file............         0       New basis file ........         0       (Printer)..............        18
 Punch file.............         0       Backup basis file......         0       (Specs file)...........         0
 Load file..............         0       Dump file..............         0       Standard output........         6

 Frequencies
 -----------
 Print frequency........       100       Check frequency........        60       Save new basis map.....       100
 Summary frequency......       100       Factorization frequency        50       Expand frequency.......     10000

 QP subproblems
 --------------
 QPsolver Cholesky......
 Scale tolerance........     0.900       Minor feasibility tol..  1.00E-06       Iteration limit........     10000
 Scale option...........         0       Minor optimality  tol..  1.00E-06       Minor print level......         1
 Crash tolerance........     0.100       Pivot tolerance........  3.25E-11       Partial price..........         1
 Crash option...........         3       Elastic weight.........  1.00E+04       Prtl price section ( A)        80
                                         New superbasics........        99       Prtl price section (-I)       981

 The SQP Method
 --------------
 Minimize...............                 Cold start.............                 Proximal Point method..         1
 Nonlinear objectiv vars        80       Objective Row..........         1       Function precision.....  3.00E-13
 Unbounded step size....  1.00E+20       Superbasics limit......        80       Difference interval....  5.48E-07
 Unbounded objective....  1.00E+15       Reduced Hessian dim....        80       Central difference int.  6.70E-05
 Major step limit.......  2.00E+00       Derivative linesearch..                 Derivative option......         1
 Major iterations limit.   1000000       Linesearch tolerance...   0.90000       Verify level...........        -1
 Minor iterations limit.       500       Penalty parameter......  0.00E+00       Major Print Level......         1
                                         Major optimality tol...  1.30E-04

 Hessian Approximation
 ---------------------
 Limited-Memory Hessian.                 Hessian updates........        10       Hessian frequency......  99999999
                                                                                 Hessian flush..........  99999999

 Nonlinear constraints
 ---------------------
 Nonlinear constraints..       980       Major feasibility tol..  1.00E-06       Violation limit........  1.00E+06
 Nonlinear Jacobian vars        80

 Miscellaneous
 -------------
 LU factor tolerance....      3.99       LU singularity tol.....  3.25E-11       Timing level...........         3
 LU update tolerance....      3.99       LU swap tolerance......  1.22E-04       Debug level............         0
 LU partial  pivoting...                 eps (machine precision)  2.22E-16       System information.....        No
                                                                                 Sticky parameters......        No
1
 

 

 Matrix statistics
 -----------------
               Total      Normal        Free       Fixed     Bounded
 Rows            981         980           1           0           0
 Columns          80           0           0           0          80

 No. of matrix elements                78400     Density      99.898
 Biggest  constant element        0.0000E+00  (excluding fixed columns,
 Smallest constant element        0.0000E+00   free rows, and RHS)

 No. of objective coefficients             0

 Nonlinear constraints     980     Linear constraints       1
 Nonlinear variables        80     Linear variables         0
 Jacobian  variables        80     Objective variables     80
 Total constraints         981     Total variables         80
1
 

 
 The user has defined   78480   out of   78480   first  derivatives
1
 

    Itn       LPmult  LPstep   nInf   SumInf             LPobjective   +SBS   -SBS    -BS    Pivot     L+U ncp
    100      1.4E+00 2.1E-03      3  9.9E-01                           1054   1054   1056  2.3E+00    7280
    200              1.0E+00                  2.7E-14 -3.0034762E+00                                  7611         3 6.5E+02
 

   Itns Major Minors    Step   nCon Feasible  Optimal  MeritFunction     L+U BSwap     nS  condHz Penalty
    211     0    211              1  2.4E-04  4.4E-02 -1.1290611E+01    7679            6 6.1E+02         _  r
    220     1      9 1.3E-02      2  2.3E-04  3.5E-02  2.8440742E+00    7389     6      2 4.2E+00 1.5E+02 _n rl
    273     2     53 1.1E-02      3  2.3E-04  1.8E-02  4.2522309E+00    7812            3 1.5E+05 1.7E+02 _s  l

    Itn       QPmult  QPstep   nInf   SumInf   rgNorm    QPobjective   +SBS   -SBS    -BS    Pivot     L+U ncp    nS  condHz
    373      1.5E-01 1.0E+00                  1.1E-14 -6.6437129E+00   1058                           7546         3 4.2E+05

   Itns Major Minors    Step   nCon Feasible  Optimal  MeritFunction     L+U BSwap     nS  condHz Penalty
    380     3    107 1.8E-02      8  2.2E-04  2.7E-03 -8.7571760E+00    7561     3      2 1.6E+00 2.4E+01 _ M

    Itn       QPmult  QPstep   nInf   SumInf   rgNorm    QPobjective   +SBS   -SBS    -BS    Pivot     L+U ncp    nS  condHz
    480      4.7E+00 8.5E-01                  7.2E-01 -3.9765299E+00   1040   1056   1033  6.7E+00    7812         1 1.3E+03

   Itns Major Minors    Step   nCon Feasible  Optimal  MeritFunction     L+U BSwap     nS  condHz Penalty
    559     4    179 1.7E-02     14  2.2E-04  8.3E-03 -9.0105932E+00    7652            4 2.4E+05 2.2E+01 _ M

    Itn       QPmult  QPstep   nInf   SumInf   rgNorm    QPobjective   +SBS   -SBS    -BS    Pivot     L+U ncp    nS  condHz
    659      2.4E+00 1.0E+00                  5.5E-12 -9.5791942E+00   1050                           7446         5 5.2E+06

   Itns Major Minors    Step   nCon Feasible  Optimal  MeritFunction     L+U BSwap     nS  condHz Penalty
    735     5    176 3.9E-02     18  2.2E-04  8.9E-03 -9.0705301E+00    7783     4     14 5.4E+07 2.2E+01 _ M
    826     6     91 5.7E-02     24  2.2E-04  7.4E-03 -9.3584413E+00    7684           15 4.0E+07 2.2E+01 _ M

    Itn       QPmult  QPstep   nInf   SumInf   rgNorm    QPobjective   +SBS   -SBS    -BS    Pivot     L+U ncp    nS  condHz
    926      2.1E+00 8.2E-01                  1.3E-03 -8.8315720E+00   1050   1050   1023  1.7E+00    7680         3 4.4E+02

   Itns Major Minors    Step   nCon Feasible  Optimal  MeritFunction     L+U BSwap     nS  condHz Penalty
   1023     7    197 7.8E-02     28  2.1E-04  6.9E-03 -9.6808271E+00    8022    15     14 5.0E+07 2.2E+01 _

    Itn       LPmult  LPstep   nInf   SumInf             LPobjective   +SBS   -SBS    -BS    Pivot     L+U ncp
   1123      2.6E-01 1.4E-01      1  3.7E-01                           1032   1032   1041  2.8E-01    7899
   1223              1.0E+00                  2.8E-17 -6.8718978E+00                                  7593         1 1.0E+01
   1323              2.0E-01                  1.9E+00 -1.0339042E+01          1040        -3.8E-02    7965         5 3.7E+07
   1423      4.4E-03 1.0E+00                  1.7E-13 -1.0873831E+01   1056                           7517        16 1.8E+07

   Itns Major Minors    Step   nCon Feasible  Optimal  MeritFunction     L+U BSwap     nS  condHz Penalty
   1423     8    400 1.3E-01     31  1.8E-04  1.2E-02 -1.0050568E+01    7517           16 1.8E+07 2.2E+01 _
   1492     9     69 1.4E-01     34  1.6E-04  3.4E-02 -1.0259479E+01    7738           20 4.5E+08 2.2E+01 _
   1550    10     58 1.3E-01     37  1.4E-04  1.5E-02 -1.0419686E+01    7023    20     19 9.8E+07 2.2E+01 _

    Itn       QPmult  QPstep   nInf   SumInf   rgNorm    QPobjective   +SBS   -SBS    -BS    Pivot     L+U ncp    nS  condHz
   1650      3.2E-03 1.0E+00                  3.4E-13 -1.0939310E+01   1039                           7766        11 1.9E+07

   Itns Major Minors    Step   nCon Feasible  Optimal  MeritFunction     L+U BSwap     nS  condHz Penalty
   1700    11    150 1.1E-01     40  1.3E-04  9.5E-03 -1.0454660E+01    7774           19 2.8E+08 2.2E+01 _
   1777    12     77 1.2E-01     43  1.1E-04  1.0E-02 -1.0517118E+01    7460    19     18 1.1E+09 2.2E+01 _  R
   1848    13     71 2.0E-01     46  1.0E-04  3.8E-02 -1.0181996E+01    7613           16 3.3E+08 2.2E+01 _s
   1907    14     59 4.6E-01     48  1.0E-04  4.0E-02 -9.7613234E+00    7565           24 1.3E+09 2.2E+01 _
   1971    15     64 5.1E-01     50  4.0E-05  1.0E-02 -1.0463335E+01    7590           25 2.7E+08 2.2E+01 _
   1991    16     20 4.6E-01     52  3.6E-05  2.1E-02 -1.0665228E+01    5866           30 3.2E+07 2.2E+01 _
   2011    17     20 5.8E-01     55  1.9E-05  1.3E-02 -1.0952125E+01    5681    15     33 1.6E+08 2.2E+01 _ m
   2022    18     11 1.0E+00     56  8.5E-06  4.7E-03 -1.1056937E+01    5018           35 5.2E+05 2.2E+01 _
   2032    19     10 6.4E-01     58  3.4E-06  2.9E-03 -1.1067757E+01    5178           34 1.9E+05 2.2E+01 _

   Itns Major Minors    Step   nCon Feasible  Optimal  MeritFunction     L+U BSwap     nS  condHz Penalty
   2049    20     17 4.4E-01     60  3.8E-06  2.8E-03 -1.1077730E+01    5422           28 2.3E+06 2.2E+01 _
   2060    21     11 1.6E-01     63  4.1E-06  2.7E-03 -1.1083179E+01    5416    10     32 2.1E+08 2.2E+01 _

         ==============================
         S N O P T  7.2-12.3 (Aug 2014)
         ==============================
      snopt-print.out
 XXX  Keyword not recognized:         SNOPT-PRINT.OUT
      Derivative option               1
      Verify level              -1
      snopt-summary.out
 XXX  Keyword not recognized:         SNOPT-SUMMARY.OU
      Major optimality tolerance  1.30000000E-04
      Major iteration limit         1000000
1
 
 SNMEMA EXIT 100 -- finished successfully
 SNMEMA INFO 104 -- memory requirements estimated
      Total character workspace             500
      Total integer   workspace         1298225
      Total real      workspace          993575
1
 
 Parameters
 ==========

 Files
 -----
 Solution file..........         0       Old basis file ........         0       Standard input.........         5
 Insert file............         0       New basis file ........         0       (Printer)..............        18
 Punch file.............         0       Backup basis file......         0       (Specs file)...........         0
 Load file..............         0       Dump file..............         0       Standard output........         6

 Frequencies
 -----------
 Print frequency........       100       Check frequency........        60       Save new basis map.....       100
 Summary frequency......       100       Factorization frequency        50       Expand frequency.......     10000

 QP subproblems
 --------------
 QPsolver Cholesky......
 Scale tolerance........     0.900       Minor feasibility tol..  1.00E-06       Iteration limit........     10000
 Scale option...........         0       Minor optimality  tol..  1.00E-06       Minor print level......         1
 Crash tolerance........     0.100       Pivot tolerance........  3.25E-11       Partial price..........         1
 Crash option...........         3       Elastic weight.........  1.00E+04       Prtl price section ( A)        80
                                         New superbasics........        99       Prtl price section (-I)       981

 The SQP Method
 --------------
 Minimize...............                 Cold start.............                 Proximal Point method..         1
 Nonlinear objectiv vars        80       Objective Row..........         1       Function precision.....  3.00E-13
 Unbounded step size....  1.00E+20       Superbasics limit......        80       Difference interval....  5.48E-07
 Unbounded objective....  1.00E+15       Reduced Hessian dim....        80       Central difference int.  6.70E-05
 Major step limit.......  2.00E+00       Derivative linesearch..                 Derivative option......         1
 Major iterations limit.   1000000       Linesearch tolerance...   0.90000       Verify level...........        -1
 Minor iterations limit.       500       Penalty parameter......  0.00E+00       Major Print Level......         1
                                         Major optimality tol...  1.30E-04

 Hessian Approximation
 ---------------------
 Limited-Memory Hessian.                 Hessian updates........        10       Hessian frequency......  99999999
                                                                                 Hessian flush..........  99999999

 Nonlinear constraints
 ---------------------
 Nonlinear constraints..       980       Major feasibility tol..  1.00E-06       Violation limit........  1.00E+06
 Nonlinear Jacobian vars        80

 Miscellaneous
 -------------
 LU factor tolerance....      3.99       LU singularity tol.....  3.25E-11       Timing level...........         3
 LU update tolerance....      3.99       LU swap tolerance......  1.22E-04       Debug level............         0
 LU partial  pivoting...                 eps (machine precision)  2.22E-16       System information.....        No
                                                                                 Sticky parameters......        No
1
 

 

 Matrix statistics
 -----------------
               Total      Normal        Free       Fixed     Bounded
 Rows            981         980           1           0           0
 Columns          80           0           0           0          80

 No. of matrix elements                78400     Density      99.898
 Biggest  constant element        0.0000E+00  (excluding fixed columns,
 Smallest constant element        0.0000E+00   free rows, and RHS)

 No. of objective coefficients             0

 Nonlinear constraints     980     Linear constraints       1
 Nonlinear variables        80     Linear variables         0
 Jacobian  variables        80     Objective variables     80
 Total constraints         981     Total variables         80
1
 

 
 The user has defined   78480   out of   78480   first  derivatives
1
 

    Itn       LPmult  LPstep   nInf   SumInf             LPobjective   +SBS   -SBS    -BS    Pivot     L+U ncp
    100      3.2E-04 3.3E+05      5  1.8E+00                            952    952    300  4.8E-02    7307
    200      4.9E-02 9.8E-01      1  7.7E-02                           1030   1030   1032  2.3E+00    7334
 

   Itns Major Minors    Step   nCon Feasible  Optimal  MeritFunction     L+U BSwap     nS  condHz Penalty
    217     0    217              1  2.8E-04  2.2E-02 -1.1290611E+01    7526                              _  r
    266     1     49 7.0E-03      2  2.8E-04  1.2E-02  2.2843508E+04    7409                      7.0E+02 _n rli

    Itn       QPmult  QPstep   nInf   SumInf   rgNorm  Elastic QPobj   +SBS   -SBS    -BS    Pivot     L+U ncp    nS  condHz
    366     -3.4E+05 1.0E+00     15  9.9E+00  1.3E-09  5.3647561E+05   1037                           7898         1 8.8E+07
    466      1.2E+02 6.5E-02     16  5.7E+00  1.2E+02  2.9026857E+05    248   1040         1.6E+00    7664         6 2.2E+07
    566              1.0E+00      7  2.5E+00  1.2E-10  9.3764163E+04                                  7449         7 8.5E+06

   Itns Major Minors    Step   nCon Feasible  Optimal  MeritFunction     L+U BSwap     nS  condHz Penalty
    645     2    379 6.6E-03      3  2.8E-04  5.2E-02  2.2654218E+04    7815           11 8.7E+03 5.1E+01 _s  li

    Itn       QPmult  QPstep   nInf   SumInf   rgNorm  Elastic QPobj   +SBS   -SBS    -BS    Pivot     L+U ncp    nS  condHz
    745      7.3E+05 1.1E-05    133  1.2E+05           2.4792885E+09    390    390    281  2.9E-01    7704
    845      2.4E+05 1.8E-04     96  2.5E+04           5.0104456E+08    160    160    627  9.2E-01    7396
    945      4.4E+07 2.2E-03     55  6.9E+03           1.4021068E+08   1058   1058   1024  8.4E-01    7396
   1045      5.1E+04 2.0E-03     16  1.6E+02           3.7518506E+06    556    556   1037 -1.3E-03    7428
   1145              5.8E-01     15  5.0E+00  3.4E+01  2.0519584E+05          1061        -1.4E-02    7946         5 6.9E+06

   Itns Major Minors    Step   nCon Feasible  Optimal  MeritFunction     L+U BSwap     nS  condHz Penalty
   1187     3    542 9.1E-02      8  2.7E-04  8.5E-01  4.5852429E+04    7497            6 2.2E+02 2.0E+05 _ m  it

    Itn       QPmult  QPstep   nInf   SumInf   rgNorm  Elastic QPobj   +SBS   -SBS    -BS    Pivot     L+U ncp    nS  condHz
   1287      8.3E+01 2.1E-02     18  3.3E+00  8.1E+01  9.7427538E+04    514   1023        -1.4E-01    7910         7 2.2E+07
   1387      1.1E+04 3.7E-01     15  1.9E+00  7.0E+03  4.6929735E+04   1054   1023   1056 -8.7E-02    7350        11 6.2E+06
   1487     -7.7E+01 1.0E+00     11  1.1E+00  3.0E-09  3.2209015E+04   1059                           7779        20 1.5E+08

   Itns Major Minors    Step   nCon Feasible  Optimal  MeritFunction     L+U BSwap     nS  condHz Penalty
   1524     4    337 3.1E-01     10  3.2E-04  4.4E-01 -4.3851181E+05    7817           22 5.6E+03 1.8E+03 _    i
   1529     5      5 9.4E-04     21  3.2E-04  2.8E-01 -3.5983209E+06    7432           26 2.2E+07 1.7E+03 _n   i

    Itn       QPmult  QPstep   nInf   SumInf   rgNorm  Elastic QPobj   +SBS   -SBS    -BS    Pivot     L+U ncp    nS  condHz
   1629     -2.1E+09 2.8E-06    129  7.7E+04           1.5507649E+09   1059   1059     82 -2.4E+03    7453
   1729     -4.3E+05 2.6E-04     98  2.5E+04           5.0687832E+08    648    648   1055  6.8E-04    7455
   1829      6.7E+04 4.2E-05     82  1.3E+04           2.7083265E+08    615    615   1044 -1.1E-03    7452
   1929      8.9E+06 9.0E-03     33  2.2E+03           4.5552587E+07   1057   1057    390 -1.7E+03    7464
   2029              4.0E-01     17  5.1E+00           2.3675276E+05          1055   1035 -9.2E-02    7779
   2129              1.0E+00      8  1.4E+00  2.3E-12  4.6154097E+04                                  7812         7 7.4E+02

   Itns Major Minors    Step   nCon Feasible  Optimal  MeritFunction     L+U BSwap     nS  condHz Penalty
   2144     6    615 5.9E-01     24  3.3E-04  6.7E-01 -1.1678779E+05    7951           14 5.6E+02 8.0E+02 _    it

    Itn       QPmult  QPstep   nInf   SumInf   rgNorm  Elastic QPobj   +SBS   -SBS    -BS    Pivot     L+U ncp    nS  condHz
   2244     -9.6E+08 1.6E-03     55  1.2E+04           2.3451031E+08   1053   1053    690  1.2E+04    7947
   2344      4.2E+03 5.7E-03     22  4.9E+02           1.1625132E+07    923    923    704             7454
   2444              6.9E-01     21  7.9E+00  2.5E+01  3.4933262E+05             1   1023  7.8E-02    7141         5 8.7E+02
   2544      6.8E+03 1.0E+00     13  4.1E+00  4.4E-09  1.2908137E+05   1061                           7771   1     7 4.4E+06
   2644      2.6E+01 1.5E-02     13  2.5E+00  2.6E+01  6.3402919E+04    937   1047        -1.5E-01    6795        12 3.1E+07
   2744              1.0E+00      4  4.7E-01  1.3E-09  1.8281479E+04                                  7852   1    13 3.8E+03

   Itns Major Minors    Step   nCon Feasible  Optimal  MeritFunction     L+U BSwap     nS  condHz Penalty
   2756     7    612 1.0E+00     25  2.9E-04  1.0E+00 -4.3771488E+05    7852           19 5.7E+07 1.6E+03 _    it

    Itn       QPmult  QPstep   nInf   SumInf   rgNorm  Elastic QPobj   +SBS   -SBS    -BS    Pivot     L+U ncp    nS  condHz
   2856     -7.5E+03 1.0E+00     14  1.4E+00  7.7E-08  4.7494764E+04   1024                           7833   2     7 2.8E+07
   2956              1.0E+00      4  4.0E-01  3.5E-08  1.4970070E+04                                  7588        13 2.6E+08

   Itns Major Minors    Step   nCon Feasible  Optimal  MeritFunction     L+U BSwap     nS  condHz Penalty
   3038     8    282 7.2E-02     28  2.8E-04  2.7E-01 -5.8766086E+05    7786           22 1.8E+04 5.0E+03 _    i

    Itn       QPmult  QPstep   nInf   SumInf   rgNorm  Elastic QPobj   +SBS   -SBS    -BS    Pivot     L+U ncp    nS  condHz
   3138     -1.7E+05 1.6E-03     55  9.2E+03           1.8613830E+08    694    694    754  1.4E+00    7867
   3238     -8.7E+05 5.4E-02     27  5.2E+02           1.1687565E+07   1036   1036   1030 -5.3E-01    7767
   3338     -8.4E+03 3.4E-01     22  8.4E+00  5.6E+03  5.1999504E+05   1039     70    785  1.1E+01    7285         5 1.5E+04
   3438              1.7E-01     17  6.5E+00  1.6E+02  3.3242362E+05          1040   1057 -6.7E-02    7634         6 1.6E+05
   3538      1.4E+04 6.6E-01     17  3.1E+00  4.6E+03  1.1964685E+05   1040   1042   1046  6.6E-01    7538   1     7 3.9E+06
   3638      1.9E+04 1.8E-01      6  6.3E-01  4.9E+01  2.6922458E+04   1034   1034   1054  1.6E+00    7534         8 6.8E+03

   Itns Major Minors    Step   nCon Feasible  Optimal  MeritFunction     L+U BSwap     nS  condHz Penalty
   3686     9    648 1.0E+00     29  1.8E-04  7.1E-01  7.3781372E+03    7637           20 1.2E+05 6.7E+03 _    it
   3785    10     99 3.9E-01     31  1.4E-04  1.7E-01 -5.7878734E+04    7006    20     32 3.9E+08 4.4E+03 _

    Itn       QPmult  QPstep   nInf   SumInf   rgNorm  Elastic QPobj   +SBS   -SBS    -BS    Pivot     L+U ncp    nS  condHz
   3885      1.4E+05 1.0E+00     31  2.2E+03  3.4E-11  4.6910620E+07   1042                           7470         1 9.3E+04
   3985              1.0E+00     16  6.6E+00  1.1E-11  5.2020810E+05                                  7671         1 2.7E+02
   4085              1.0E+00     18  6.1E+00  1.5E-10  2.5924206E+05                                  7893        11 8.4E+05
   4185              1.0E+00     13  3.3E+00  3.6E-07  1.0128116E+05                                  7639   1    12 5.2E+05
   4285              1.0E+00      7  7.4E-01  9.8E-11  3.4405799E+04                                  7023        17 3.6E+07
   4385              1.0E+00      1  1.3E-02  1.3E-10  2.8286274E+03                                  7837   1    21 3.7E+04

   Itns Major Minors    Step   nCon Feasible  Optimal  MeritFunction     L+U BSwap     nS  condHz Penalty
   4402    11    617 3.1E-01     34  1.1E-04  2.4E-01 -1.1278293E+04    7935           24 5.3E+03 1.0E+03 _     t
   4462    12     60 2.3E-01     36  8.6E-05  1.3E-02 -1.4699630E+03    7584           33 2.6E+08 1.0E+03 _
   4496    13     34 1.5E-01     39  7.5E-05  1.7E-02  5.9431153E+02    5351           42 7.4E+08 1.5E+03 _  R i
   4509    14     13 7.8E-01     41  6.5E-05  1.2E-02  2.8947421E+03    4863           34 5.7E+05 4.1E+03 _s   i
   4521    15     12 1.0E+00     42  2.0E-05  7.8E-03  8.2796273E+02    4845           39 9.1E+07 7.8E+02 _
   4560    16     39 1.0E+00     43  5.7E-05  1.3E-02  2.1129858E+02    5432           41 3.0E+08 7.8E+02 _
   4566    17      6 1.0E+00     44  8.6E-06  1.4E-02  7.5312613E+01    4210    19     44 4.9E+03 1.7E+03 _
   4577    18     11 1.0E+00     45  3.4E-06  1.3E-02 -9.6747063E+00    4292           52 1.2E+07 1.1E+03 _
   4589    19     12 1.0E+00     46 (3.2E-08) 1.2E-02 -1.0859467E+01    4291           61 3.1E+07 1.1E+03 _

   Itns Major Minors    Step   nCon Feasible  Optimal  MeritFunction     L+U BSwap     nS  condHz Penalty
   4607    20     18 1.0E+00     47 (2.0E-11) 2.3E-03 -1.0873121E+01    3806           46 1.9E+03 1.1E+03 _s

         ==============================
         S N O P T  7.2-12.3 (Aug 2014)
         ==============================
      snopt-print.out
 XXX  Keyword not recognized:         SNOPT-PRINT.OUT
      Derivative option               1
      Verify level              -1
      snopt-summary.out
 XXX  Keyword not recognized:         SNOPT-SUMMARY.OU
      Major optimality tolerance  1.30000000E-04
      Major iteration limit         1000000
1
 
 SNMEMA EXIT 100 -- finished successfully
 SNMEMA INFO 104 -- memory requirements estimated
      Total character workspace             500
      Total integer   workspace         1298225
      Total real      workspace          993575
1
 
 Parameters
 ==========

 Files
 -----
 Solution file..........         0       Old basis file ........         0       Standard input.........         5
 Insert file............         0       New basis file ........         0       (Printer)..............        18
 Punch file.............         0       Backup basis file......         0       (Specs file)...........         0
 Load file..............         0       Dump file..............         0       Standard output........         6

 Frequencies
 -----------
 Print frequency........       100       Check frequency........        60       Save new basis map.....       100
 Summary frequency......       100       Factorization frequency        50       Expand frequency.......     10000

 QP subproblems
 --------------
 QPsolver Cholesky......
 Scale tolerance........     0.900       Minor feasibility tol..  1.00E-06       Iteration limit........     10000
 Scale option...........         0       Minor optimality  tol..  1.00E-06       Minor print level......         1
 Crash tolerance........     0.100       Pivot tolerance........  3.25E-11       Partial price..........         1
 Crash option...........         3       Elastic weight.........  1.00E+04       Prtl price section ( A)        80
                                         New superbasics........        99       Prtl price section (-I)       981

 The SQP Method
 --------------
 Minimize...............                 Cold start.............                 Proximal Point method..         1
 Nonlinear objectiv vars        80       Objective Row..........         1       Function precision.....  3.00E-13
 Unbounded step size....  1.00E+20       Superbasics limit......        80       Difference interval....  5.48E-07
 Unbounded objective....  1.00E+15       Reduced Hessian dim....        80       Central difference int.  6.70E-05
 Major step limit.......  2.00E+00       Derivative linesearch..                 Derivative option......         1
 Major iterations limit.   1000000       Linesearch tolerance...   0.90000       Verify level...........        -1
 Minor iterations limit.       500       Penalty parameter......  0.00E+00       Major Print Level......         1
                                         Major optimality tol...  1.30E-04

 Hessian Approximation
 ---------------------
 Limited-Memory Hessian.                 Hessian updates........        10       Hessian frequency......  99999999
                                                                                 Hessian flush..........  99999999

 Nonlinear constraints
 ---------------------
 Nonlinear constraints..       980       Major feasibility tol..  1.00E-06       Violation limit........  1.00E+06
 Nonlinear Jacobian vars        80

 Miscellaneous
 -------------
 LU factor tolerance....      3.99       LU singularity tol.....  3.25E-11       Timing level...........         3
 LU update tolerance....      3.99       LU swap tolerance......  1.22E-04       Debug level............         0
 LU partial  pivoting...                 eps (machine precision)  2.22E-16       System information.....        No
                                                                                 Sticky parameters......        No
1
 

 

 Matrix statistics
 -----------------
               Total      Normal        Free       Fixed     Bounded
 Rows            981         980           1           0           0
 Columns          80           0           0           0          80

 No. of matrix elements                78400     Density      99.898
 Biggest  constant element        0.0000E+00  (excluding fixed columns,
 Smallest constant element        0.0000E+00   free rows, and RHS)

 No. of objective coefficients             0

 Nonlinear constraints     980     Linear constraints       1
 Nonlinear variables        80     Linear variables         0
 Jacobian  variables        80     Objective variables     80
 Total constraints         981     Total variables         80
1
 

 
 The user has defined   78480   out of   78480   first  derivatives
1
 

    Itn       QPmult  QPstep   nInf   SumInf   rgNorm    QPobjective   +SBS   -SBS    -BS    Pivot     L+U ncp    nS  condHz
    100     -3.0E-01 1.0E+00                  3.0E-16 -5.9617856E+00     80                           5597         1 1.1E+00
 

   Itns Major Minors    Step   nCon Feasible  Optimal  MeritFunction     L+U BSwap     nS  condHz Penalty
    181     0    181              1  4.3E-05  2.9E-03 -1.0873121E+01    6864           20 4.1E+07         _  r
    219     1     38 6.6E-02      2  4.2E-05  3.6E-03 -1.0152810E+01    7546           15 8.4E+06 1.4E+02 _n rl
    242     2     23 3.6E-02      3  4.1E-05  6.5E-03 -9.4371024E+00    6935    15     13 6.4E+05 3.1E+02 _s  l
    249     3      7 6.0E-03      7  4.1E-05  5.0E-03 -9.4798481E+00    6485     7     17 1.8E+04 3.1E+02 _
    259     4     10 6.5E-03     11  4.1E-05  3.0E-03 -1.0254911E+01    6175           20 2.9E+07 1.2E+02 _
    284     5     25 5.9E-03     15  4.1E-05  5.0E-03 -1.0613464E+01    6425     8     16 6.0E+05 3.7E+01 _
    305     6     21 7.6E-03     19  4.0E-05  5.1E-03 -1.0443033E+01    6730           18 1.3E+07 7.9E+01 _
    317     7     12 7.7E-03     23  4.0E-05  2.9E-03 -1.0447715E+01    6164    12     19 1.5E+05 7.8E+01 _
    324     8      7 2.2E-02     29  3.9E-05  3.3E-03 -1.0463141E+01    6244           21 3.2E+07 7.8E+01 _ M
    334     9     10 2.1E-02     34  3.9E-05  3.9E-03 -1.0480406E+01    6001           22 3.5E+05 7.8E+01 _
    342    10      8 7.2E-03     38  3.8E-05  2.4E-03 -1.0488309E+01    5995           25 3.4E+07 7.8E+01 _
    361    11     19 1.9E-02     43  3.8E-05  2.9E-03 -1.0499657E+01    6349           21 5.8E+07 7.8E+01 _
    371    12     10 5.9E-03     47  3.7E-05  2.4E-03 -1.0294235E+01    6414     8     14 1.0E+05 1.4E+02 _  R
    383    13     12 1.2E-03     56  3.7E-05  3.1E-03 -7.5058871E+00    6406           21 8.1E+07 1.0E+03 _s
    404    14     21 8.3E-03     60  3.7E-05  4.1E-03 -7.5428456E+00    6168    11     27 1.3E+06 1.0E+03 _
    478    15     74 7.5E-03     64  3.7E-05  3.0E-03 -9.9090763E+00    6904           21 1.6E+08 2.7E+02 _
    511    16     33 2.2E-02     69  3.6E-05  2.5E-02 -9.9324301E+00    6489           27 2.7E+08 2.7E+02 _
