
 ==============================
 S N O P T  7.2-12.3 (Aug 2014)
 ==============================
 snopt-print.out
 XXX  Keyword not recognized:         SNOPT-PRINT.OUT
 snopt-summary.out
 XXX  Keyword not recognized:         SNOPT-SUMMARY.OU
 
 SNMEMA EXIT 100 -- finished successfully
 SNMEMA INFO 104 -- memory requirements estimated
 
 

 Nonlinear constraints     980     Linear constraints       1
 Nonlinear variables        80     Linear variables         0
 Jacobian  variables        80     Objective variables     80
 Total constraints         981     Total variables         80
 

 
 The user has defined   78480   out of   78480   first  derivatives
 

        Minor   QPmult   nInf   SumInf   rgNorm    QPobjective    nS
          100                           2.1E-02 -5.3518733E+00     1

 Major Minors     Step   nCon Feasible  Optimal  MeritFunction    nS Penalty
     0    167               1  6.6E-04  1.2E-02 -9.4356822E+00    20           r
     1     67  7.0E-02      2  6.1E-04  4.7E-02 -8.9114727E+00    13 1.1E+00 n rl
     2     42  6.0E-02      3  5.7E-04  1.0E-02 -8.8254196E+00     8 1.4E+00 s  l

        Minor   QPmult   nInf   SumInf   rgNorm    QPobjective    nS
          100  4.3E-03                  2.8E-03 -6.7501377E+00     2

 Major Minors     Step   nCon Feasible  Optimal  MeritFunction    nS Penalty
     3    165  6.7E-02      6  5.3E-04  1.1E-02 -8.6910325E+00    16 2.1E+00

        Minor   QPmult   nInf   SumInf   rgNorm    QPobjective    nS
          100                           1.3E-13 -8.6670494E+00    10

 Major Minors     Step   nCon Feasible  Optimal  MeritFunction    nS Penalty
     4    148  3.2E-01      9  4.1E-04  1.5E-03 -9.0515059E+00    21 2.1E+00  M
     5     22  1.7E-01     12  3.5E-04  4.1E-03 -9.1940799E+00    22 2.1E+00
     6      5  1.8E-01     16  2.8E-04  2.7E-03 -9.2696784E+00    22 2.1E+00  M
     7     19  1.9E-01     20  2.3E-04  2.2E-03 -9.3315990E+00    24 2.1E+00  M
     8     10  1.7E-01     23  2.0E-04  2.3E-03 -9.3583478E+00    25 2.1E+00
     9     22  1.4E-01     26  1.8E-04  1.1E-03 -9.3767936E+00    26 2.1E+00

 Major Minors     Step   nCon Feasible  Optimal  MeritFunction    nS Penalty
    10     25  2.2E-01     29  1.4E-04  1.3E-03 -9.3855371E+00    30 2.1E+00
    11     16  2.4E-01     33  1.0E-04  1.8E-03 -9.4022644E+00    29 2.1E+00  M
    12     11  1.0E+00     34  5.0E-05  1.1E-03 -9.3972397E+00    33 2.1E+00   R
    13      9  2.0E-01     37  3.9E-05  8.3E-04 -9.3996713E+00    31 2.1E+00 s
    14      6  2.1E-01     40  2.8E-05  4.4E-04 -9.4028831E+00    28 2.1E+00
    15      3  1.4E-01     43  1.9E-05  4.8E-04 -9.4051701E+00    28 2.1E+00
    16      5  1.4E-01     46  1.6E-05  4.4E-04 -9.4067565E+00    26 2.1E+00
    17      4  1.2E-01     50  1.4E-05  6.4E-04 -9.4080022E+00    27 2.1E+00
    18      7  1.2E-01     54  1.2E-05  3.0E-04 -9.4090106E+00    27 2.1E+00
    19      6  1.3E-01     57  1.1E-05  6.9E-04 -9.4099170E+00    28 2.1E+00

 Major Minors     Step   nCon Feasible  Optimal  MeritFunction    nS Penalty
    20      4  1.4E-01     60  8.5E-06  3.5E-04 -9.4108361E+00    27 2.1E+00

 ==============================
 S N O P T  7.2-12.3 (Aug 2014)
 ==============================
 snopt-print.out
 XXX  Keyword not recognized:         SNOPT-PRINT.OUT
 snopt-summary.out
 XXX  Keyword not recognized:         SNOPT-SUMMARY.OU
 
 SNMEMA EXIT 100 -- finished successfully
 SNMEMA INFO 104 -- memory requirements estimated
 
 

 Nonlinear constraints     980     Linear constraints       1
 Nonlinear variables        80     Linear variables         0
 Jacobian  variables        80     Objective variables     80
 Total constraints         981     Total variables         80
 

 
 The user has defined   78480   out of   78480   first  derivatives
 

        Minor   QPmult   nInf   SumInf   rgNorm    QPobjective    nS
          100                           2.1E-02 -5.3518733E+00     1

 Major Minors     Step   nCon Feasible  Optimal  MeritFunction    nS Penalty
     0    167               1  6.6E-04  1.2E-02 -9.4356822E+00    20           r
     1     67  7.0E-02      2  6.1E-04  4.7E-02 -8.9114727E+00    13 1.1E+00 n rl
     2     42  6.0E-02      3  5.7E-04  1.0E-02 -8.8254196E+00     8 1.4E+00 s  l

        Minor   QPmult   nInf   SumInf   rgNorm    QPobjective    nS
          100  4.3E-03                  2.8E-03 -6.7501377E+00     2

 Major Minors     Step   nCon Feasible  Optimal  MeritFunction    nS Penalty
     3    165  6.7E-02      6  5.3E-04  1.1E-02 -8.6910325E+00    16 2.1E+00

        Minor   QPmult   nInf   SumInf   rgNorm    QPobjective    nS
          100                           1.3E-13 -8.6670494E+00    10

 Major Minors     Step   nCon Feasible  Optimal  MeritFunction    nS Penalty
     4    148  3.2E-01      9  4.1E-04  1.5E-03 -9.0515059E+00    21 2.1E+00  M
     5     22  1.7E-01     12  3.5E-04  4.1E-03 -9.1940799E+00    22 2.1E+00
     6      5  1.8E-01     16  2.8E-04  2.7E-03 -9.2696784E+00    22 2.1E+00  M
     7     19  1.9E-01     20  2.3E-04  2.2E-03 -9.3315990E+00    24 2.1E+00  M
     8     10  1.7E-01     23  2.0E-04  2.3E-03 -9.3583478E+00    25 2.1E+00
     9     22  1.4E-01     26  1.8E-04  1.1E-03 -9.3767936E+00    26 2.1E+00

 Major Minors     Step   nCon Feasible  Optimal  MeritFunction    nS Penalty
    10     25  2.2E-01     29  1.4E-04  1.3E-03 -9.3855371E+00    30 2.1E+00
    11     16  2.4E-01     33  1.0E-04  1.8E-03 -9.4022644E+00    29 2.1E+00  M

 ==============================
 S N O P T  7.2-12.3 (Aug 2014)
 ==============================
 snopt-print.out
 XXX  Keyword not recognized:         SNOPT-PRINT.OUT
 snopt-summary.out
 XXX  Keyword not recognized:         SNOPT-SUMMARY.OU
 
 SNMEMA EXIT 100 -- finished successfully
 SNMEMA INFO 104 -- memory requirements estimated
 
 

 Nonlinear constraints     980     Linear constraints       1
 Nonlinear variables        80     Linear variables         0
 Jacobian  variables        80     Objective variables     80
 Total constraints         981     Total variables         80
 

 
 The user has defined   78480   out of   78480   first  derivatives
 

        Minor   LPmult   nInf   SumInf   rgNorm    LPobjective
          100  5.2E-01      1  4.5E-02

 Major Minors     Step   nCon Feasible  Optimal  MeritFunction    nS Penalty
     0    175               1  7.3E-04  2.2E-02 -9.4356822E+00    21           r

        Minor   QPmult   nInf   SumInf   rgNorm    QPobjective    nS
          100  2.2E-03                  1.1E-03 -8.5874017E+00    11

 Major Minors     Step   nCon Feasible  Optimal  MeritFunction    nS Penalty
     1    119  5.6E-02      2  6.9E-04  8.2E-03 -8.6000284E+00    13 1.4E+00 n rl
     2      6  5.6E-02      3  6.5E-04  1.8E-03 -8.6368932E+00    10 1.4E+00 s  l

        Minor   QPmult   nInf   SumInf   rgNorm    QPobjective    nS
          100                           9.9E-16 -9.2459446E+00     4

 Major Minors     Step   nCon Feasible  Optimal  MeritFunction    nS Penalty
     3    118  2.9E-01      6  6.2E-04  2.7E-03 -8.9896965E+00    10 1.4E+00  M
     4     47  7.7E-02      9  5.7E-04  1.9E-03 -9.0484716E+00     6 1.4E+00
     5     62  1.2E-01     12  5.2E-04  3.7E-03 -9.1202788E+00     7 1.4E+00
     6     72  1.7E-01     15  4.3E-04  2.8E-03 -9.1765715E+00    14 1.4E+00
     7     50  4.3E-01     18  2.8E-04  2.8E-03 -9.3249935E+00    17 1.4E+00  M
     8     43  1.4E-01     21  2.5E-04  3.8E-03 -9.3345921E+00    15 1.4E+00
     9     75  3.5E-01     23  1.6E-04  2.6E-03 -9.3541495E+00    15 1.4E+00

 Major Minors     Step   nCon Feasible  Optimal  MeritFunction    nS Penalty
    10      9  4.3E-01     25  1.2E-04  1.6E-03 -9.3669458E+00    15 1.4E+00
    11     15  3.8E-01     27  8.9E-05  1.4E-03 -9.3773010E+00    17 1.4E+00
    12     18  4.7E-01     29  5.6E-05  2.1E-03 -9.3874065E+00    22 1.4E+00   R
    13      4  1.0E+00     30  1.1E-05  9.8E-04 -9.3928320E+00    23 1.4E+00 s
    14      4  1.0E+00     31  1.3E-05  7.6E-04 -9.3955285E+00    22 1.4E+00
    15      6  4.6E-01     33  1.1E-05  7.1E-04 -9.3971543E+00    21 1.4E+00
    16     65  4.3E-01     35  1.4E-05  9.5E-04 -9.3993554E+00    20 1.4E+00
    17      6  3.6E-01     37  7.8E-06  5.7E-04 -9.4006646E+00    23 1.4E+00

 ==============================
 S N O P T  7.2-12.3 (Aug 2014)
 ==============================
 snopt-print.out
 XXX  Keyword not recognized:         SNOPT-PRINT.OUT
 snopt-summary.out
 XXX  Keyword not recognized:         SNOPT-SUMMARY.OU
 
 SNMEMA EXIT 100 -- finished successfully
 SNMEMA INFO 104 -- memory requirements estimated
 
 

 Nonlinear constraints     980     Linear constraints       1
 Nonlinear variables        80     Linear variables         0
 Jacobian  variables        80     Objective variables     80
 Total constraints         981     Total variables         80
 

 
 The user has defined   78480   out of   78480   first  derivatives
 

        Minor   LPmult   nInf   SumInf   rgNorm    LPobjective
          100  2.9E-03      5  3.9E+00
          200  1.2E-01      2  5.0E-01
          300                           1.4E-17  7.9805780E+00     1

 Major Minors     Step   nCon Feasible  Optimal  MeritFunction    nS Penalty
     0    308               1  1.1E-03  1.7E-02 -9.4356822E+00     1           r
     1      4  1.1E-03      4  1.1E-03  1.5E-02  7.8852570E+01       5.7E+01 n r
     2     75  3.5E-03      8  1.1E-03  6.5E-04  8.8221520E+02     7 5.8E+02 sm

        Minor   LPmult   nInf   SumInf   rgNorm    LPobjective
          100  1.8E+01     13  6.4E+03
          200  4.0E-01      3  2.3E+01

 Major Minors     Step   nCon Feasible  Optimal  MeritFunction    nS Penalty
     3    289  3.4E-02     11  1.1E-03  3.3E-02  4.8954369E+01       4.3E+01

        Minor   LPmult   nInf   SumInf   rgNorm    LPobjective
          100  1.7E+03     48  2.1E+04
          200  6.2E+01     22  5.4E+03
          300  1.0E-01      5  5.0E+02
          400  1.3E+02                  2.1E-02 -4.2356522E+00     1
          500                           6.9E-16 -8.1823467E+00     3
          600  1.8E-02                  4.9E-10 -8.4815029E+00     7
          700                           6.9E-10 -8.7630079E+00     6

 Major Minors     Step   nCon Feasible  Optimal  MeritFunction    nS Penalty
     4    765  1.0E+00     13  1.6E-03  1.6E-03 -1.7644478E+05    14 2.5E+01  m

        Minor   QPmult   nInf   SumInf   rgNorm    QPobjective    nS
          100  1.9E-02                  4.5E-11 -8.2640532E+00     5
          200  3.1E-02                  4.1E-12 -8.8516151E+00    11

 Major Minors     Step   nCon Feasible  Optimal  MeritFunction    nS Penalty
     5    260  7.4E-01     17  1.2E-03  2.6E-03 -1.3156220E+04    19 2.5E+01  m

        Minor   QPmult   nInf   SumInf   rgNorm    QPobjective
          100  3.0E+03                           8.4052040E+02
          200  6.6E-02                  3.9E-10 -7.5015386E+00     5
          300  3.4E-01                  7.1E-02 -8.2321219E+00     2
          400  2.6E-01                  3.0E-03 -8.4758636E+00     5
          500                           4.5E-11 -8.8481682E+00     9

 Major Minors     Step   nCon Feasible  Optimal  MeritFunction    nS Penalty
     6    567  1.0E+00     18  1.0E-03  7.4E-03 -9.1463483E-01    18 2.5E+01

        Minor   QPmult   nInf   SumInf   rgNorm    QPobjective    nS
          100                           6.8E-04 -8.6444088E+00     8
          200                           6.4E-14 -8.9733886E+00     9
          300  3.5E-03                  5.4E-11 -9.1273991E+00    15

 Major Minors     Step   nCon Feasible  Optimal  MeritFunction    nS Penalty
     7    352  6.4E-02     21  9.6E-04  3.4E-03 -1.9380781E+00    18 2.5E+01

        Minor   QPmult   nInf   SumInf   rgNorm    QPobjective    nS
          100                           3.7E-14 -4.9087578E+00     2
          200                           5.7E-04 -8.6834048E+00     5
          300                           1.1E-15 -8.8332048E+00    11
          400  8.9E-06                  3.4E-12 -9.0119587E+00    14

 Major Minors     Step   nCon Feasible  Optimal  MeritFunction    nS Penalty
     8    401  1.0E-01     26  8.1E-04  4.7E-03 -2.8937327E+00    14 2.5E+01

        Minor   QPmult   nInf   SumInf   rgNorm    QPobjective
          100  2.5E+02                           1.9406456E+03
          200  1.4E-01                  1.1E-10 -6.7748296E+00     4
          300  5.7E-04                  5.6E-04 -8.2556751E+00     5
          400                           9.8E-06 -8.8835528E+00     6
          500  8.8E-06                  7.9E-12 -8.9712338E+00    21

 Major Minors     Step   nCon Feasible  Optimal  MeritFunction    nS Penalty
     9    507  1.3E-01     29  7.5E-04  5.9E-03 -4.5780337E+00    24 2.5E+01

        Minor   QPmult   nInf   SumInf   rgNorm    QPobjective    nS
          100  8.0E-02                  3.0E-07 -8.6625613E+00     7
          200                           4.0E-14 -8.9145026E+00    13

 Major Minors     Step   nCon Feasible  Optimal  MeritFunction    nS Penalty
    10    256  2.1E-01     32  6.3E-04  1.3E-02 -5.7838013E+00    18 2.5E+01

        Minor   QPmult   nInf   SumInf   rgNorm    QPobjective    nS
          100  1.0E-01                  9.0E-11 -8.3145521E+00     5
          200  1.1E-02                  1.3E-04 -8.7572750E+00    11

 Major Minors     Step   nCon Feasible  Optimal  MeritFunction    nS Penalty
    11    296  1.1E-01     35  6.1E-04  1.8E-02 -6.3835907E+00    21 2.5E+01

        Minor   QPmult   nInf   SumInf   rgNorm    QPobjective    nS
          100                           1.0E-14  5.2618202E+03     1
          200                           1.1E-11  4.4574043E+02     7
          300  6.1E-01                  6.3E-13  1.9078072E+01    25

 Major Minors     Step   nCon Feasible  Optimal  MeritFunction    nS Penalty
    12    321  7.6E-02     38  6.0E-04  1.3E-01 -6.6563580E+00    30 2.5E+01   R

        Minor   QPmult   nInf   SumInf   rgNorm    QPobjective    nS
          100  1.6E-01                  1.5E-01  9.2405421E+01    15
          200                           2.4E-13  1.8299732E+01    28

 Major Minors     Step   nCon Feasible  Optimal  MeritFunction    nS Penalty
    13    200  7.7E-02     41  5.6E-04  7.0E-02  1.1021707E+01    28 7.9E+01 s
    14     57  3.6E-02     44  5.4E-04  3.6E-02  3.2881691E+01    28 1.4E+02
    15     74  2.3E-02     47  5.3E-04  1.8E-02  4.9555015E+01    29 1.9E+02
    16     33  1.6E-02     50  5.2E-04  5.3E-02  4.9110535E+01    25 1.9E+02
    17     25  1.3E-02     53  5.1E-04  8.7E-02  8.6461979E+01    27 3.3E+02
    18     84  3.7E-02     56  5.0E-04  3.6E-02  8.4376221E+01    26 3.3E+02
    19     33  1.5E-02     59  4.9E-04  7.6E-02  8.4088649E+01    28 3.3E+02

 Major Minors     Step   nCon Feasible  Optimal  MeritFunction    nS Penalty
    20     98  3.1E-02     62  4.9E-04  4.2E-02  4.7038583E+01    17 2.1E+02
    21     89  1.1E-02     65  4.8E-04  4.9E-02  2.0634334E+02    20 9.0E+02
    22     15  3.4E-03     68  4.8E-04  4.3E-02  2.0588791E+02    22 9.0E+02
    23     33  1.6E-03     72  4.8E-04  3.2E-02  2.0541490E+02    14 9.0E+02   R
    24     69  1.4E-02     75  4.7E-04  1.6E-02  1.2933227E+03    10 5.9E+03 s

        Minor   LPmult   nInf   SumInf   rgNorm    LPobjective
          100  4.0E+02      4  7.0E+02
          200                           2.2E-13  4.4471503E+03     1
          300                           4.8E-12  1.0732238E+03     7

 Major Minors     Step   nCon Feasible  Optimal  MeritFunction    nS Penalty
    25    354  5.6E-02     78  4.6E-04  4.7E-02  2.9362071E+02    17 1.0E+03
    26     37  1.8E-02     81  4.5E-04  5.3E-02  9.9342890E+02    21 4.5E+03
    27     75  6.7E-02     84  4.3E-04  5.7E-02  6.1609321E+02    24 2.9E+03
    28     66  8.2E-02     88  4.1E-04  4.4E-02  5.8810262E+02    19 2.9E+03

        Minor   QPmult   nInf   SumInf   rgNorm    QPobjective
          100                                    6.7363358E+03
          200  9.3E-01                  9.6E-11  1.0266537E+03     6

 Major Minors     Step   nCon Feasible  Optimal  MeritFunction    nS Penalty
    29    273  3.4E-02     93  3.9E-04  6.2E-02  5.7500632E+02    17 3.0E+03

 Major Minors     Step   nCon Feasible  Optimal  MeritFunction    nS Penalty
    30     30  3.1E-03     97  3.9E-04  5.9E-02  6.6091996E+02    27 3.4E+03
    31     39  9.0E-03    101  3.9E-04  3.3E-02  6.5046784E+02    19 3.4E+03

        Minor   QPmult   nInf   SumInf   rgNorm    QPobjective    nS
          100                           1.9E-12  3.7359448E+03     4
          200  5.0E+00                  1.2E-08  1.3881767E+03    11

 Major Minors     Step   nCon Feasible  Optimal  MeritFunction    nS Penalty
    32    269  6.4E-02    104  3.7E-04  2.4E-02  6.3070656E+02    20 3.4E+03
    33     72  7.0E-02    108  3.5E-04  3.8E-02  6.1610707E+02    23 3.5E+03

        Minor   QPmult   nInf   SumInf   rgNorm    QPobjective    nS
          100                           1.7E+00  4.9679637E+03    10
          200  3.5E+00                  5.9E-12  9.5152735E+02    22

 Major Minors     Step   nCon Feasible  Optimal  MeritFunction    nS Penalty
    34    215  4.3E-03    112  3.5E-04  1.1E-02  6.1312023E+02    25 3.5E+03   R
    35     42  2.2E-02    115  3.4E-04  9.4E-03  1.9186021E+04    19 1.0E+04 s   i

        Minor   QPmult   nInf   SumInf   rgNorm  Elastic QPobj    nS
          100              10  7.5E+00  7.1E-14  2.7670203E+05     1
          200  1.3E+04      5  3.4E+00  1.1E+03  1.2526468E+05     2
          300               3  1.7E+00  2.9E-12  6.7665520E+04     2
          400  1.7E+01      1  5.6E-01  2.2E+00  2.2842726E+04     7

 Major Minors     Step   nCon Feasible  Optimal  MeritFunction    nS Penalty
    36    478  2.9E-02    118  3.3E-04  1.4E-02  1.8687099E+04    18 6.6E+03     i
    37     19  3.1E-02    121  3.4E-04  5.0E-03  1.8509317E+04    22 6.6E+03     i

        Minor   QPmult   nInf   SumInf   rgNorm  Elastic QPobj    nS
          100  1.9E+03      3  1.2E+00  1.7E-09  7.5178627E+04     5
          200  5.7E+02      3  6.3E-01  3.7E+02  3.7486336E+04     8
          300  8.1E-01      1  5.4E-01  7.6E-01  1.2937568E+04    15

 Major Minors     Step   nCon Feasible  Optimal  MeritFunction    nS Penalty
    38    313  4.5E-02    124  3.4E-04  9.8E-03  1.8379847E+04    21 6.6E+03     i
    39     22  4.9E-02    127  3.5E-04  8.4E-03  1.8193998E+04    20 6.6E+03     i

        Minor   QPmult   nInf   SumInf   rgNorm  Elastic QPobj
          100  4.5E+06     30  2.0E+03           4.0112411E+07
          200  6.5E+03     20  1.6E+02  6.2E+03  3.7026760E+06     1
          300              12  1.2E+01  2.4E+01  3.4185058E+05     2
          400  1.5E+04     11  8.0E+00  4.5E+01  2.1830753E+05     4
          500              12  4.2E+00  2.4E+01  1.2550869E+05     4
          600               3  1.2E+00  1.5E-10  4.6453024E+04     4
          700  4.9E+03      3  8.2E-01  3.9E+03  3.1037154E+04     7

 Major Minors     Step   nCon Feasible  Optimal  MeritFunction    nS Penalty
    40    791  3.0E-02    130  3.5E-04  1.3E-02  1.8109435E+04    20 6.6E+03     i

        Minor   QPmult   nInf   SumInf   rgNorm  Elastic QPobj    nS
          100              12  2.5E+00  2.8E-10  8.5421300E+04     5
          200 -1.4E+04      5  1.4E+00  3.4E+03  4.5330140E+04     6
          300  1.5E+01      2  7.1E-01  1.0E-10  1.8847091E+04    14

 Major Minors     Step   nCon Feasible  Optimal  MeritFunction    nS Penalty
    41    369  2.1E-02    133  3.4E-04  1.8E-02  1.8001508E+04    25 6.6E+03     i
    42     65  2.5E-02    136  3.4E-04  2.6E-02  1.7928758E+04    21 6.6E+03     i
    43     25  1.2E-02    139  3.3E-04  2.5E-02  1.7916645E+04    17 6.6E+03     i

        Minor   QPmult   nInf   SumInf   rgNorm  Elastic QPobj    nS
          100               9  2.8E+00  3.9E-10  7.6344412E+04     8
          200  1.5E+03      3  9.5E-01  1.7E-09  2.2792964E+04    10

 Major Minors     Step   nCon Feasible  Optimal  MeritFunction    nS Penalty
    44    235  2.9E-02    142  3.4E-04  1.4E-02  1.8072900E+04    19 6.6E+03     i
    45     53  1.3E-02    145  3.4E-04  1.2E-02  1.8244202E+04    31 6.8E+03   R i
    46      3  4.0E-02    148  3.4E-04  2.6E-02  2.0625536E+04    33 6.9E+04 s   i
    47      4  3.4E-02    151  3.4E-04  2.6E-02  2.4691995E+04    32 1.3E+05     i
    48     31  7.6E-02    154  3.4E-04  4.2E-02  2.8470142E+04    34 2.1E+05     i
    49      6  4.8E-03    159  3.4E-04  4.3E-02  3.0291139E+04    35 2.6E+05  M  i

 Major Minors     Step   nCon Feasible  Optimal  MeritFunction    nS Penalty
    50      6  7.7E-03    163  3.4E-04  9.2E-02  2.9582518E+04    30 2.7E+05     i
    51     12  2.1E-02    168  3.4E-04  4.6E-02  2.8731526E+04    31 2.3E+05     i
    52      6  9.3E-03    172  3.4E-04  2.7E-02  2.9125206E+04    30 2.4E+05     i
    53     47  1.9E-02    177  3.4E-04  5.3E-02  2.9055275E+04    30 2.4E+05     i
    54     15  7.9E-03    181  3.4E-04  8.4E-02  2.9164195E+04    36 2.4E+05     i
    55      8  6.0E-03    185  3.4E-04  6.0E-02  2.9051229E+04    33 2.4E+05     i
    56     11  6.9E-03    189  3.4E-04  3.0E-02  3.0338445E+04    39 3.0E+05   R i
    57      7  3.0E-01    191  3.3E-04  3.1E-02  3.3658006E+04    41 5.0E+05 s   i
    58      8  3.3E-01    193  3.3E-04  5.1E-02  3.3430574E+04    38 5.3E+05     i
    59      4  3.7E-01    195  3.6E-04  5.2E-02  3.1976702E+04    39 4.0E+05     i

 Major Minors     Step   nCon Feasible  Optimal  MeritFunction    nS Penalty
    60      6  1.9E-01    198  3.7E-04  4.6E-02  3.0918615E+04    34 2.9E+05     i
    61     13  1.1E-01    202  3.7E-04  4.7E-02  3.0497207E+04    36 2.9E+05     i
    62      9  7.9E-02    207  3.6E-04  3.7E-02  2.9640873E+04    37 2.9E+05     i
    63     39  1.2E-01    210  3.5E-04  4.0E-02  2.8861387E+04    37 2.9E+05     i
    64      6  1.2E-01    213  3.5E-04  2.8E-02  2.8471846E+04    38 2.9E+05     i
    65      3  2.2E-01    216  3.4E-04  3.0E-02  2.8028425E+04    36 2.9E+05     i
    66      2  3.6E-01    218  3.4E-04  3.2E-02  2.7572221E+04    37 2.9E+05     i
    67     66  4.2E-01    220  3.4E-04  4.6E-02  2.6811061E+04    42 2.9E+05   R i
    68     12  1.0E+00    221  3.3E-04  3.4E-02  2.4106023E+04    41 2.9E+05 s   i
    69      4  4.8E-01    223  3.1E-04  3.7E-02  2.1987864E+04    40 2.9E+05     i

 Major Minors     Step   nCon Feasible  Optimal  MeritFunction    nS Penalty
    70      7  3.7E-01    225  2.9E-04  2.7E-02  2.1050333E+04    40 2.9E+05     i
    71      3  5.1E-01    227  2.9E-04  1.8E-02  2.0611140E+04    42 2.9E+05     i
    72      4  1.0E+00    228  2.9E-04  1.5E-02  2.0238921E+04    39 2.9E+05     i
    73      1  1.0E+00    229  2.9E-04  1.8E-02  1.9581076E+04    39 2.9E+05     i
    74      4  1.0E+00    230  3.0E-04  1.6E-02  1.9017905E+04    38 2.9E+05     i
    75      5  1.0E+00    231  2.9E-04  2.0E-02  1.8795868E+04    38 2.9E+05     i
    76      2  1.0E+00    232  2.9E-04  1.7E-02  1.8687814E+04    39 2.9E+05     i
    77      3  1.0E+00    233  2.8E-04  2.5E-02  1.8368713E+04    39 2.9E+05     i
    78      3  1.0E+00    234  2.9E-04  1.1E-02  1.8004586E+04    37 2.9E+05   R i
    79      3  1.0E+00    235  2.8E-04  1.9E-02  1.7951325E+04    39 2.9E+05 s   i

 Major Minors     Step   nCon Feasible  Optimal  MeritFunction    nS Penalty
    80      3  1.0E+00    236  2.9E-04  1.5E-02  1.7847388E+04    37 2.9E+05     i
    81      2  1.0E+00    237  2.9E-04  1.3E-02  1.7768783E+04    38 2.9E+05     i
    82      2  4.2E-01    239  2.9E-04  9.3E-03  1.7723389E+04    37 2.9E+05     i
    83      1  1.0E+00    240  2.8E-04  6.8E-03  1.7681444E+04    37 2.9E+05     i
    84      1  1.4E-01    242  2.8E-04  6.0E-03  1.7670486E+04    37 2.9E+05     i
    85      6  3.7E-02    245  2.8E-04  1.1E-02  1.7663111E+04    38 2.9E+05     i
    86      7  6.6E-02    248  2.8E-04  8.0E-03  1.7640975E+04    38 2.9E+05     i
    87      3  2.6E-03    258  2.8E-04  1.2E-02  1.7640008E+04    38 2.9E+05     i
    88      5  8.8E-06    268  2.8E-04  1.7E-02  1.7640001E+04    36 2.9E+05     i
    89      1  1.5E-06    279  2.8E-04  1.7E-02  1.7643409E+04    36 2.9E+05 n   i

 Major Minors     Step   nCon Feasible  Optimal  MeritFunction    nS Penalty
    90      8  1.9E-07    289  2.8E-04  1.2E-02  1.7643408E+04    37 2.9E+05 n R i
    91      4  6.6E-05    299  2.8E-04  1.3E-02  1.7639995E+04    34 2.9E+05 s   i

 ==============================
 S N O P T  7.2-12.3 (Aug 2014)
 ==============================
 snopt-print.out
 XXX  Keyword not recognized:         SNOPT-PRINT.OUT
 snopt-summary.out
 XXX  Keyword not recognized:         SNOPT-SUMMARY.OU
 
 SNMEMA EXIT 100 -- finished successfully
 SNMEMA INFO 104 -- memory requirements estimated
 
 

 Nonlinear constraints     980     Linear constraints       1
 Nonlinear variables        80     Linear variables         0
 Jacobian  variables        80     Objective variables     80
 Total constraints         981     Total variables         80
 

 
 The user has defined   78480   out of   78480   first  derivatives
 

        Minor   LPmult   nInf   SumInf   rgNorm    LPobjective
          100  4.3E-02      1  4.1E-01

 Major Minors     Step   nCon Feasible  Optimal  MeritFunction    nS Penalty
     0    197               1  8.0E-04  1.7E-02 -9.4356822E+00    16           r
     1     13  4.5E-02      2  7.6E-04  1.6E-02 -8.1119651E+00    14 1.8E+00 n rl
     2     41  5.3E-02      4  7.2E-04  3.4E-02 -8.1783258E+00     8 1.8E+00 sm l

        Minor   QPmult   nInf   SumInf   rgNorm    QPobjective    nS
          100                           1.8E-04 -9.1880298E+00     1

 Major Minors     Step   nCon Feasible  Optimal  MeritFunction    nS Penalty
     3    139  1.7E-01      7  5.5E-04  6.4E-03 -8.7028915E+00     5 1.8E+00  M

        Minor   QPmult   nInf   SumInf   rgNorm    QPobjective    nS
          100  5.6E-01                  3.1E-01 -8.3027860E+00     2

 Major Minors     Step   nCon Feasible  Optimal  MeritFunction    nS Penalty
     4    194  3.1E-01      9  3.6E-04  2.7E-03 -9.1148414E+00    13 1.8E+00

        Minor   QPmult   nInf   SumInf   rgNorm    QPobjective    nS
          100                           2.2E-04 -9.3378294E+00     8

 Major Minors     Step   nCon Feasible  Optimal  MeritFunction    nS Penalty
     5    137  3.5E-01     11  2.8E-04  2.6E-03 -9.2317845E+00    13 1.8E+00

        Minor   QPmult   nInf   SumInf   rgNorm    QPobjective    nS
          100  1.5E-02                  5.0E-03 -9.3530792E+00    10

 Major Minors     Step   nCon Feasible  Optimal  MeritFunction    nS Penalty
     6    126  5.1E-01     14  2.6E-04  1.6E-03 -9.3288708E+00    13 1.8E+00  M
     7     32  1.0E+00     15  1.7E-04  3.0E-03 -9.3343592E+00    14 1.8E+00
     8     42  1.0E+00     16  1.4E-04  1.7E-03 -9.3613472E+00    15 1.8E+00
     9     78  1.0E+00     17  8.4E-05  1.0E-03 -9.3886049E+00    18 1.8E+00

 Major Minors     Step   nCon Feasible  Optimal  MeritFunction    nS Penalty
    10     26  1.0E+00     18  1.4E-04  1.3E-03 -9.3941295E+00    19 1.8E+00
    11     20  1.0E+00     19  1.4E-04  9.9E-04 -9.4004643E+00    16 1.8E+00
    12     87  2.2E-01     22  1.1E-04  8.5E-04 -9.4041356E+00    21 1.8E+00   R
    13      9  1.0E+00     23  1.8E-05  8.3E-04 -9.4101682E+00    19 1.8E+00 s
    14     13  1.0E+00     24  2.2E-05  4.3E-04 -9.4132888E+00    23 1.8E+00
    15      3  3.2E-01     26  1.6E-05  3.5E-04 -9.4136955E+00    23 1.8E+00
    16      2  1.0E+00     27  1.3E-05  3.5E-04 -9.4148065E+00    22 1.8E+00
    17      5  1.0E+00     28  1.1E-05  2.0E-04 -9.4165081E+00    20 1.8E+00
    18      4  1.0E+00     29  6.2E-05  2.5E-04 -9.4177450E+00    17 1.8E+00
    19      6  6.8E-01     31  1.1E-05  1.9E-04 -9.4187542E+00    18 1.8E+00

 Major Minors     Step   nCon Feasible  Optimal  MeritFunction    nS Penalty
    20      4  5.9E-01     33  1.8E-05 (1.0E-04)-9.4193701E+00    19 1.8E+00
    21      2  4.5E-01     35  1.0E-05  1.6E-04 -9.4195059E+00    18 1.8E+00

 ==============================
 S N O P T  7.2-12.3 (Aug 2014)
 ==============================
 snopt-print.out
 XXX  Keyword not recognized:         SNOPT-PRINT.OUT
 snopt-summary.out
 XXX  Keyword not recognized:         SNOPT-SUMMARY.OU
 
 SNMEMA EXIT 100 -- finished successfully
 SNMEMA INFO 104 -- memory requirements estimated
 
 

 Nonlinear constraints     980     Linear constraints       1
 Nonlinear variables        80     Linear variables         0
 Jacobian  variables        80     Objective variables     80
 Total constraints         981     Total variables         80
 

 
 The user has defined   78480   out of   78480   first  derivatives
 

        Minor   LPmult   nInf   SumInf   rgNorm    LPobjective
          100  2.4E-01      2  1.3E+00
          200  2.4E-03                  1.9E-03 -7.2372325E+00     4

 Major Minors     Step   nCon Feasible  Optimal  MeritFunction    nS Penalty
     0    247               1  8.8E-04  2.9E-02 -9.4356822E+00    14           r

        Minor   QPmult   nInf   SumInf   rgNorm    QPobjective    nS
          100                           2.3E-14 -8.1727550E+00     8

 Major Minors     Step   nCon Feasible  Optimal  MeritFunction    nS Penalty
     1    105  3.3E-02      2  8.4E-04  3.5E-02 -7.1477179E+00     9 2.5E+00 n rl

        Minor   QPmult   nInf   SumInf   rgNorm    QPobjective    nS
          100  3.2E-02                  5.8E-15 -9.0355861E+00     6

 Major Minors     Step   nCon Feasible  Optimal  MeritFunction    nS Penalty
     2    112  3.8E-02      4  8.1E-04  2.4E-03 -7.2191134E+00     8 2.5E+00 sM l

        Minor   QPmult   nInf   SumInf   rgNorm    QPobjective    nS
          100  8.5E-03                  6.3E-03 -9.3402179E+00    10

 Major Minors     Step   nCon Feasible  Optimal  MeritFunction    nS Penalty
     3    102  1.6E-01      7  5.8E-04  2.4E-03 -8.1828285E+00    11 2.5E+00  M

        Minor   QPmult   nInf   SumInf   rgNorm    QPobjective    nS
          100                           5.3E-04 -8.9331481E+00     6

 Major Minors     Step   nCon Feasible  Optimal  MeritFunction    nS Penalty
     4    177  1.6E-01     10  5.0E-04  7.5E-03 -8.7294109E+00    11 2.5E+00  m

        Minor   QPmult   nInf   SumInf   rgNorm    QPobjective    nS
          100  4.9E-04                  4.3E-04 -9.2079660E+00     5

 Major Minors     Step   nCon Feasible  Optimal  MeritFunction    nS Penalty
     5    134  5.4E-01     12  3.5E-04  2.5E-03 -9.1838309E+00    10 2.5E+00
     6     84  1.0E+00     13  9.7E-05  1.6E-03 -9.3449434E+00     8 2.5E+00
     7     59  1.0E+00     14  1.4E-04  1.3E-03 -9.3704827E+00    13 2.5E+00
     8     37  1.0E+00     15  3.7E-05  1.1E-03 -9.3943978E+00    15 2.5E+00

        Minor   QPmult   nInf   SumInf   rgNorm    QPobjective    nS
          100                           3.3E-15 -9.4036336E+00    15

 Major Minors     Step   nCon Feasible  Optimal  MeritFunction    nS Penalty
     9    110  1.1E-01     18  3.6E-05  6.7E-04 -9.3987537E+00    21 2.5E+00

 Major Minors     Step   nCon Feasible  Optimal  MeritFunction    nS Penalty
    10      8  3.8E-01     20  2.3E-05  4.9E-04 -9.4022492E+00    20 2.5E+00
    11      9  1.0E+00     21  8.7E-05  3.5E-04 -9.4062749E+00    20 2.5E+00
    12     16  1.0E+00     22  2.8E-05  4.1E-04 -9.4073146E+00    19 2.5E+00   R
    13      1  1.0E+00     23  3.1E-05  3.8E-04 -9.4069455E+00    19 2.5E+00 s
    14      4  1.0E+00     24  9.1E-06  1.9E-04 -9.4076490E+00    20 2.5E+00
    15      2  1.0E+00     25  3.3E-06  1.7E-04 -9.4080254E+00    21 2.5E+00
    16      3  1.0E+00     26  1.2E-06  1.8E-04 -9.4082711E+00    23 2.5E+00
    17      4  1.0E+00     27  1.1E-06  3.3E-04 -9.4084234E+00    22 2.5E+00
    18      2  1.0E+00     28  1.7E-05  3.2E-04 -9.4090080E+00    21 2.5E+00
    19      6  1.0E+00     29  1.5E-05  4.2E-04 -9.4096328E+00    22 2.5E+00

 Major Minors     Step   nCon Feasible  Optimal  MeritFunction    nS Penalty
    20     12  5.3E-01     31  3.3E-05  2.5E-04 -9.4101377E+00    23 2.5E+00
    21      3  1.0E+00     32  4.5E-06  2.7E-04 -9.4104692E+00    21 2.5E+00
    22      3  1.0E+00     33  5.2E-06  1.8E-04 -9.4110825E+00    23 2.5E+00
    23      2  2.0E-02     36  5.1E-06  2.4E-04 -9.4110892E+00    22 2.5E+00   R

 ==============================
 S N O P T  7.2-12.3 (Aug 2014)
 ==============================
 snopt-print.out
 XXX  Keyword not recognized:         SNOPT-PRINT.OUT
 snopt-summary.out
 XXX  Keyword not recognized:         SNOPT-SUMMARY.OU
 
 SNMEMA EXIT 100 -- finished successfully
 SNMEMA INFO 104 -- memory requirements estimated
 
 

 Nonlinear constraints     980     Linear constraints       1
 Nonlinear variables        80     Linear variables         0
 Jacobian  variables        80     Objective variables     80
 Total constraints         981     Total variables         80
 

 
 The user has defined   78480   out of   78480   first  derivatives
 

        Minor   LPmult   nInf   SumInf   rgNorm    LPobjective
          100  9.7E-02      3  1.8E+00
          200  1.2E-01                  4.7E-01 -6.7067474E+00     2

 Major Minors     Step   nCon Feasible  Optimal  MeritFunction    nS Penalty
     0    224               1  9.5E-04  2.7E-02 -9.4356822E+00     7           r
     1     28  2.3E-02      2  9.3E-04  1.6E-02 -4.1458329E+00     9 4.8E+00 n rl

        Minor   QPmult   nInf   SumInf   rgNorm    QPobjective    nS
          100                           1.5E-18 -8.5974861E+00     1

 Major Minors     Step   nCon Feasible  Optimal  MeritFunction    nS Penalty
     2    140  3.0E-02      3  9.0E-04  3.7E-03 -4.3134721E+00     3 4.8E+00 s  l

        Minor   LPmult   nInf   SumInf   rgNorm    LPobjective
          100  1.9E+01      6  7.3E+02
          200  4.4E-03                  4.3E-03 -8.0857376E+00     1
          300  3.6E-02                  1.9E-15 -9.1159100E+00     4

 Major Minors     Step   nCon Feasible  Optimal  MeritFunction    nS Penalty
     3    337  1.2E-01      6  6.6E-04  5.9E-03 -6.1809814E+00     3 4.8E+00  M

        Minor   QPmult   nInf   SumInf   rgNorm    QPobjective    nS
          100                           1.8E-04 -9.2483342E+00     3

 Major Minors     Step   nCon Feasible  Optimal  MeritFunction    nS Penalty
     4    157  1.2E-01      9  5.4E-04  2.7E-03 -7.3782330E+00     6 4.8E+00  m

        Minor   QPmult   nInf   SumInf   rgNorm    QPobjective    nS
          100                           4.7E-16 -8.8774028E+00     2
          200                           1.6E-15 -9.2823699E+00     3

 Major Minors     Step   nCon Feasible  Optimal  MeritFunction    nS Penalty
     5    255  3.9E-01     11  4.1E-04  4.1E-03 -8.4645295E+00     8 4.8E+00

        Minor   QPmult   nInf   SumInf   rgNorm    QPobjective
          100  4.7E+01                          -3.0995858E+00
          200  3.6E-02                  3.3E-05 -8.3011144E+00     2
          300  3.3E-04                  9.6E-14 -9.1848233E+00     5

 Major Minors     Step   nCon Feasible  Optimal  MeritFunction    nS Penalty
     6    372  5.0E-01     14  4.0E-04  1.6E-03 -8.8435479E+00    11 4.8E+00  M

        Minor   QPmult   nInf   SumInf   rgNorm    QPobjective    nS
          100                           2.6E-15 -9.2669049E+00     4

 Major Minors     Step   nCon Feasible  Optimal  MeritFunction    nS Penalty
     7    171  3.8E-01     16  2.5E-04  2.4E-03 -9.2001765E+00    12 4.8E+00

        Minor   QPmult   nInf   SumInf   rgNorm    QPobjective    nS
          100                           1.5E-14 -9.3585519E+00    10

 Major Minors     Step   nCon Feasible  Optimal  MeritFunction    nS Penalty
     8    122  2.7E-01     18  2.0E-04  1.1E-03 -9.2653641E+00    12 4.8E+00

        Minor   QPmult   nInf   SumInf   rgNorm    QPobjective    nS
          100  7.5E-02                  6.2E-02 -9.3111816E+00     6

 Major Minors     Step   nCon Feasible  Optimal  MeritFunction    nS Penalty
     9    163  9.9E-02     20  1.9E-04  3.9E-03 -9.2749185E+00    16 4.8E+00

 Major Minors     Step   nCon Feasible  Optimal  MeritFunction    nS Penalty
    10     82  3.4E-01     22  1.4E-04  1.4E-03 -9.3111197E+00    15 4.8E+00
    11     66  3.7E-01     24  1.0E-04  9.5E-04 -9.3411474E+00    16 4.8E+00
    12     79  2.1E-01     26  9.0E-05  2.8E-03 -9.3515347E+00    26 4.8E+00   R
    13     13  1.0E+00     27  6.7E-05  1.7E-03 -9.3500245E+00    26 4.8E+00 s
    14     20  1.0E+00     28  1.0E-04  1.3E-03 -9.3680314E+00    29 4.8E+00
    15      8  1.0E+00     29  7.9E-05  6.6E-04 -9.3732871E+00    28 4.8E+00
    16      5  1.0E+00     30  1.3E-05  6.6E-04 -9.3772307E+00    26 4.8E+00
    17      2  1.0E+00     31  2.9E-05  1.5E-03 -9.3783579E+00    27 4.8E+00
    18      6  1.0E+00     32  4.2E-06  5.8E-04 -9.3813683E+00    24 4.8E+00
    19      7  1.0E+00     33  1.7E-06  2.0E-03 -9.3829266E+00    22 4.8E+00

 Major Minors     Step   nCon Feasible  Optimal  MeritFunction    nS Penalty
    20      7  5.6E-01     35  6.1E-06  3.7E-04 -9.3838082E+00    22 4.8E+00
    21      3  1.0E+00     36  3.2E-06  3.8E-04 -9.3840012E+00    24 4.8E+00
    22      5  1.0E+00     37  4.8E-06  7.8E-04 -9.3846135E+00    22 4.8E+00

 ==============================
 S N O P T  7.2-12.3 (Aug 2014)
 ==============================
 snopt-print.out
 XXX  Keyword not recognized:         SNOPT-PRINT.OUT
 snopt-summary.out
 XXX  Keyword not recognized:         SNOPT-SUMMARY.OU
 
 SNMEMA EXIT 100 -- finished successfully
 SNMEMA INFO 104 -- memory requirements estimated
 
 

 Nonlinear constraints     980     Linear constraints       1
 Nonlinear variables        80     Linear variables         0
 Jacobian  variables        80     Objective variables     80
 Total constraints         981     Total variables         80
 

 
 The user has defined   78480   out of   78480   first  derivatives
 

        Minor   LPmult   nInf   SumInf   rgNorm    LPobjective
          100  1.6E-03      5  3.8E+00
          200                           2.2E-03 -1.1115199E+00     1

 Major Minors     Step   nCon Feasible  Optimal  MeritFunction    nS Penalty
     0    265               1  1.0E-03  3.5E-02 -9.4356822E+00     2           r
     1     42  1.7E-02      2  1.0E-03  1.0E-02  5.4219564E+00     4 1.1E+01 n rl

        Minor   QPmult   nInf   SumInf   rgNorm    QPobjective
          100  5.8E+00                          -2.5289094E+00
          200                           1.0E-12 -6.7140537E+00     5

 Major Minors     Step   nCon Feasible  Optimal  MeritFunction    nS Penalty
     2    245  2.2E-02      4  9.8E-04  8.0E-03  4.9968413E+00     7 1.1E+01 sM l

        Minor   LPmult   nInf   SumInf   rgNorm    LPobjective
          100  3.3E+03      8  2.7E+03
          200  1.5E+00                           1.0283397E+00

 Major Minors     Step   nCon Feasible  Optimal  MeritFunction    nS Penalty
     3    278  2.1E-01      7  9.9E-04  2.5E-02 -3.3346606E+00     7 7.0E+00  m

        Minor   QPmult   nInf   SumInf   rgNorm    QPobjective
          100  2.7E+01                           3.7399262E+00
          200                           2.6E-04 -6.1977743E+00     8

 Major Minors     Step   nCon Feasible  Optimal  MeritFunction    nS Penalty
     4    213  5.1E-02     10  9.5E-04  1.3E-02 -3.4761602E+00    12 7.0E+00

        Minor   QPmult   nInf   SumInf   rgNorm    QPobjective    nS
          100                           5.3E-15 -7.4717080E+00     4
          200  1.5E-02                  3.9E-11 -8.9722720E+00    14

 Major Minors     Step   nCon Feasible  Optimal  MeritFunction    nS Penalty
     5    246  5.1E-02     14  8.0E-04  8.9E-03 -4.5150849E+00    25 7.3E+00  m

        Minor   QPmult   nInf   SumInf   rgNorm    QPobjective    nS
          100                           9.2E-05 -9.0186491E+00    10

 Major Minors     Step   nCon Feasible  Optimal  MeritFunction    nS Penalty
     6    136  8.0E-02     18  7.5E-04  5.7E-03 -5.5667612E+00    26 7.3E+00  M
     7     59  1.4E-01     21  6.8E-04  3.6E-03 -6.6403526E+00    24 7.3E+00

        Minor   QPmult   nInf   SumInf   rgNorm    QPobjective    nS
          100                           1.2E-13 -9.2083403E+00    13

 Major Minors     Step   nCon Feasible  Optimal  MeritFunction    nS Penalty
     8    168  3.9E-01     24  3.3E-04  1.8E-03 -8.3469119E+00    28 7.3E+00  M

        Minor   QPmult   nInf   SumInf   rgNorm    QPobjective    nS
          100  4.8E+01                  8.6E-03  1.4130589E+01     1
          200                           7.9E-16 -7.2610752E+00     4
          300  3.2E-01                  1.1E-01 -9.1625505E+00    11
          400  4.3E-04                  1.1E-14 -9.2741775E+00    22

 Major Minors     Step   nCon Feasible  Optimal  MeritFunction    nS Penalty
     9    408  3.4E-01     26  3.0E-04  4.9E-03 -8.7014424E+00    24 7.3E+00

        Minor   QPmult   nInf   SumInf   rgNorm    QPobjective    nS
          100  2.3E-03                  7.1E-13 -9.2819668E+00    23

 Major Minors     Step   nCon Feasible  Optimal  MeritFunction    nS Penalty
    10    119  1.9E-01     29  2.6E-04  3.4E-03 -8.8635645E+00    29 7.3E+00
    11     85  3.3E-01     31  2.2E-04  2.4E-03 -9.0521134E+00    27 7.3E+00
    12     34  2.2E-01     34  1.9E-04  7.1E-03 -9.1341497E+00    38 7.3E+00   R
    13     23  4.3E-01     36  1.6E-04  5.4E-03 -9.1782703E+00    36 7.3E+00 s
    14     52  4.2E-01     38  1.2E-04  3.0E-03 -9.2329517E+00    39 7.3E+00
    15     18  2.7E-01     41  9.3E-05  2.7E-03 -9.2679439E+00    38 7.3E+00
    16     25  3.7E-01     43  6.0E-05  2.1E-03 -9.2951802E+00    38 7.3E+00
    17     27  3.8E-01     45  4.7E-05  2.4E-03 -9.3077839E+00    34 7.3E+00
    18     10  3.8E-01     47  3.1E-05  2.0E-03 -9.3139154E+00    29 7.3E+00
    19     12  5.6E-01     49  1.4E-05  1.4E-03 -9.3264727E+00    34 7.3E+00

 Major Minors     Step   nCon Feasible  Optimal  MeritFunction    nS Penalty
    20     15  5.1E-01     51  7.5E-06  1.4E-03 -9.3342890E+00    32 7.3E+00
    21      6  2.3E-01     54  6.7E-06  1.8E-03 -9.3372613E+00    29 7.3E+00
    22      7  2.5E-01     57  5.5E-06  1.1E-03 -9.3401940E+00    27 7.3E+00
    23     11  2.2E-01     60  4.9E-06  1.2E-03 -9.3421740E+00    33 7.3E+00   R
    24      6  1.0E+00     61  1.1E-06  1.0E-03 -9.3431933E+00    30 7.3E+00 s
    25     12  5.7E-01     63  3.7E-06  8.2E-04 -9.3455530E+00    25 7.3E+00
    26     11  2.0E-01     66  7.8E-06  1.4E-03 -9.3475714E+00    21 7.3E+00
    27     14  1.4E-01     69  6.7E-06  9.9E-04 -9.3492215E+00    22 7.3E+00
