
         ==============================
         S N O P T  7.2-12.3 (Aug 2014)
         ==============================
      snopt-print.out
 XXX  Keyword not recognized:         SNOPT-PRINT.OUT
      Derivative option               1
      Verify level               3
      snopt-summary.out
 XXX  Keyword not recognized:         SNOPT-SUMMARY.OU
      Major optimality tolerance  1.00000000E-06
      Major iteration limit         1000000
1
 
 SNMEMA EXIT 100 -- finished successfully
 SNMEMA INFO 104 -- memory requirements estimated
      Total character workspace             500
      Total integer   workspace           20689
      Total real      workspace           10691
1
 
 Parameters
 ==========

 Files
 -----
 Solution file..........         0       Old basis file ........         0       Standard input.........         5
 Insert file............         0       New basis file ........         0       (Printer)..............        18
 Punch file.............         0       Backup basis file......         0       (Specs file)...........         0
 Load file..............         0       Dump file..............         0       Standard output........         6

 Frequencies
 -----------
 Print frequency........       100       Check frequency........        60       Save new basis map.....       100
 Summary frequency......       100       Factorization frequency        50       Expand frequency.......     10000

 QP subproblems
 --------------
 QPsolver Cholesky......
 Scale tolerance........     0.900       Minor feasibility tol..  1.00E-06       Iteration limit........     10000
 Scale option...........         0       Minor optimality  tol..  5.00E-07       Minor print level......         1
 Crash tolerance........     0.100       Pivot tolerance........  3.25E-11       Partial price..........         1
 Crash option...........         3       Elastic weight.........  1.00E+00       Prtl price section ( A)         2
                                         New superbasics........        99       Prtl price section (-I)         1

 The SQP Method
 --------------
 Minimize...............                 Cold start.............                 Proximal Point method..         1
 Nonlinear objectiv vars         2       Objective Row..........         1       Function precision.....  3.00E-13
 Unbounded step size....  1.00E+20       Superbasics limit......         2       Difference interval....  5.48E-07
 Unbounded objective....  1.00E+15       Reduced Hessian dim....         2       Central difference int.  6.70E-05
 Major step limit.......  2.00E+00       Derivative linesearch..                 Derivative option......         1
 Major iterations limit.   1000000       Linesearch tolerance...   0.90000       Verify level...........         3
 Minor iterations limit.       500       Penalty parameter......  0.00E+00       Major Print Level......         1
                                         Major optimality tol...  1.00E-06

 Hessian Approximation
 ---------------------
 Full-Memory Hessian....                 Hessian updates........  99999999       Hessian frequency......  99999999
                                                                                 Hessian flush..........  99999999

 Miscellaneous
 -------------
 LU factor tolerance....      3.99       LU singularity tol.....  3.25E-11       Timing level...........         3
 LU update tolerance....      3.99       LU swap tolerance......  1.22E-04       Debug level............         0
 LU partial  pivoting...                 eps (machine precision)  2.22E-16       System information.....        No
                                                                                 Sticky parameters......        No
1
 

 

 Matrix statistics
 -----------------
               Total      Normal        Free       Fixed     Bounded
 Rows              1           0           1           0           0
 Columns           2           0           0           0           2

 No. of matrix elements                    1     Density      50.000
 Biggest                          0.0000E+00  (excluding fixed columns,
 Smallest                         0.0000E+00   free rows, and RHS)

 No. of objective coefficients             0

 Nonlinear constraints       0     Linear constraints       1
 Nonlinear variables         2     Linear variables         0
 Jacobian  variables         0     Objective variables      2
 Total constraints           1     Total variables          2
1
 

 
 The user has defined       2   out of       2   first  derivatives

 Verification of user-supplied problem derivatives.

 The objective  gradients seem to be OK.

 Gradient projected in one direction   6.19804715884E-02
 Difference approximation              6.19806199733E-02

 
 Column       x(j)        dx(j)    Element no.    Row        Derivative    Difference approxn
      1  9.43877567E-01  1.06E-06           Objective   -4.12964116E-01   -4.12963752E-01  ok
      2  2.15118886E+00  1.73E-06           Objective   -5.36930429E-01   -5.36929725E-01  ok

      2  objective gradients out of     1  thru     2  seem to be OK.

 -->  The largest relative error was    4.58E-07   in column     2
 
1
 
 

   Itns Major Minors    Step   nObj Feasible  Optimal      Objective     L+U BSwap     nS  condHz
      2     0      2              1           2.7E-01  5.0773948E-01       1            2 1.0E+00 _  r
      3     1      1 7.1E-01      2           5.9E-02  1.7964029E-01       1            2 1.0E+00 _n rl
      4     2      1 7.3E-01      3           1.7E-02  1.0308300E-01       1            2 1.1E+00 _s  l
      5     3      1 1.0E+00      4           1.2E-02  9.1525334E-02       1            2 2.9E+00 _
      6     4      1 1.0E+00      5           5.7E-03  7.9016813E-02       1            2 5.5E+00 _
      7     5      1 1.0E+00      6           3.2E-03  7.3274045E-02       1            2 1.2E+01 _
      8     6      1 1.0E+00      7           2.4E-03  6.9626119E-02       1            2 2.7E+01 _
      9     7      1 1.0E+00      8           2.9E-03  6.7398751E-02       1            2 3.5E+01 _
     10     8      1 1.0E+00      9           3.3E-03  6.5614107E-02       1            2 1.4E+01 _
     11     9      1 1.0E+00     10           3.9E-03  6.3459301E-02       1            2 2.6E+00 _
     12    10      1 2.0E+00     15           4.8E-04  4.4775396E-02       1            2 1.2E+00 _
     13    11      1 1.0E+00     16           4.8E-04  4.4536203E-02       1            2 2.0E+02 _
     14    12      1 1.0E+00     17           1.9E-04  4.1389450E-02       1            2 1.5E+02 _
     15    13      1 4.1E-01     19           1.7E-06  4.1270388E-02       1            2 5.9E+01 _
     16    14      1 6.0E+00     21           2.1E-06  4.1269320E-02       1            2 4.5E+00 _
     17    15      1 1.0E+00     22          (5.7E-07) 4.1268855E-02       1            2 3.7E+00 _
1
 
 SNOPTA EXIT   0 -- finished successfully
 SNOPTA INFO   1 -- optimality conditions satisfied

 Problem name                 opt prob
 No. of iterations                  17   Objective value      4.1268854984E-02
 No. of major iterations            15   Linear objective     0.0000000000E+00
 Penalty parameter           0.000E+00   Nonlinear objective  4.1268854984E-02
 No. of calls to funobj             25   No. of calls to funcon             25
 No. of superbasics                  2   No. of basic nonlinears             0
 No. of degenerate steps             0   Percentage                       0.00
 Max x                       2 1.3E+01   Max pi                      1 1.0E+00
 Max Primal infeas           0 0.0E+00   Max Dual infeas             1 7.2E-06
1
 
 Name           opt prob                 Objective Value      4.1268854984E-02

 Status         Optimal Soln             Iteration     17    Superbasics     2

 Objective               (Min)
 RHS
 Ranges
 Bounds

 Section 1 - Rows

  Number  ...Row.. State  ...Activity...  Slack Activity  ..Lower Limit.  ..Upper Limit.  .Dual Activity    ..i
 
       3  r      1    BS          .               .                None            None         -1.0          1
1
 
 Section 2 - Columns

  Number  .Column. State  ...Activity...  .Obj Gradient.  ..Lower Limit.  ..Upper Limit.  Reduced Gradnt    m+j
 
       1  x      1 N SBS         0.00311         0.00001          .           1000.00000         0.00001      2
       2  x      2 N SBS        13.03468         0.00000          .           1000.00000         0.00000      3
 
 Time for MPS input                             0.00 seconds
 Time for solving problem                       0.03 seconds
 Time for solution output                       0.00 seconds
 Time for constraint functions                  0.03 seconds
 Time for objective function                    0.00 seconds
