
 ==============================
 S N O P T  7.2-12.3 (Aug 2014)
 ==============================
 snopt-print.out
 XXX  Keyword not recognized:         SNOPT-PRINT.OUT
 snopt-summary.out
 XXX  Keyword not recognized:         SNOPT-SUMMARY.OU
 
 SNMEMA EXIT 100 -- finished successfully
 SNMEMA INFO 104 -- memory requirements estimated
 
 

 Nonlinear constraints       0     Linear constraints       1
 Nonlinear variables         2     Linear variables         0
 Jacobian  variables         0     Objective variables      2
 Total constraints           1     Total variables          2
 

 
 The user has defined       2   out of       2   first  derivatives
 

 Major Minors     Step   nObj Feasible  Optimal      Objective    nS
     0      2               1           2.7E-01  5.0773948E-01     2   r
     1      1  7.1E-01      2           5.9E-02  1.7964029E-01     2 n rl
     2      1  7.3E-01      3           1.7E-02  1.0308300E-01     2 s  l
     3      1  1.0E+00      4           1.2E-02  9.1525334E-02     2
     4      1  1.0E+00      5           5.7E-03  7.9016813E-02     2
     5      1  1.0E+00      6           3.2E-03  7.3274045E-02     2
     6      1  1.0E+00      7           2.4E-03  6.9626119E-02     2
     7      1  1.0E+00      8           2.9E-03  6.7398751E-02     2
     8      1  1.0E+00      9           3.3E-03  6.5614107E-02     2
     9      1  1.0E+00     10           3.9E-03  6.3459301E-02     2

 Major Minors     Step   nObj Feasible  Optimal      Objective    nS
    10      1  2.0E+00     15           4.8E-04  4.4775396E-02     2
    11      1  1.0E+00     16           4.8E-04  4.4536203E-02     2
    12      1  1.0E+00     17           1.9E-04  4.1389450E-02     2
    13      1  4.1E-01     19           1.7E-06  4.1270388E-02     2
    14      1  6.0E+00     21           2.1E-06  4.1269320E-02     2
    15      1  1.0E+00     22          (5.7E-07) 4.1268855E-02     2
 
 SNOPTA EXIT   0 -- finished successfully
 SNOPTA INFO   1 -- optimality conditions satisfied

 Problem name                 opt prob
 No. of iterations                  17   Objective value      4.1268854984E-02
 No. of major iterations            15   Linear objective     0.0000000000E+00
 Penalty parameter           0.000E+00   Nonlinear objective  4.1268854984E-02
 No. of calls to funobj             25   No. of calls to funcon             25
 No. of superbasics                  2   No. of basic nonlinears             0
 No. of degenerate steps             0   Percentage                       0.00
 Max x                       2 1.3E+01   Max pi                      1 1.0E+00
 Max Primal infeas           0 0.0E+00   Max Dual infeas             1 7.2E-06
 
 

 Solution printed on file  18
 
 Time for MPS input                             0.00 seconds
 Time for solving problem                       0.03 seconds
 Time for solution output                       0.00 seconds
 Time for constraint functions                  0.03 seconds
 Time for objective function                    0.00 seconds
