This is pdfTeX, Version 3.14159265-2.6-1.40.19 (TeX Live 2018) (preloaded format=pdflatex 2018.4.16)  22 JUL 2020 13:19
entering extended mode
 restricted \write18 enabled.
 file:line:error style messages enabled.
 %&-line parsing enabled.
**main.tex
(./main.tex
LaTeX2e <2018-04-01> patch level 2
Babel <3.18> and hyphenation patterns for 84 language(s) loaded.
(/usr/local/texlive/2018/texmf-dist/tex/latex/base/article.cls
Document Class: article 2014/09/29 v1.4h Standard LaTeX document class
(/usr/local/texlive/2018/texmf-dist/tex/latex/base/size11.clo
File: size11.clo 2014/09/29 v1.4h Standard LaTeX file (size option)
)
\c@part=\count80
\c@section=\count81
\c@subsection=\count82
\c@subsubsection=\count83
\c@paragraph=\count84
\c@subparagraph=\count85
\c@figure=\count86
\c@table=\count87
\abovecaptionskip=\skip41
\belowcaptionskip=\skip42
\bibindent=\dimen102
)
(/usr/local/texlive/2018/texmf-dist/tex/latex/amsmath/amsmath.sty
Package: amsmath 2017/09/02 v2.17a AMS math features
\@mathmargin=\skip43

For additional information on amsmath, use the `?' option.
(/usr/local/texlive/2018/texmf-dist/tex/latex/amsmath/amstext.sty
Package: amstext 2000/06/29 v2.01 AMS text

(/usr/local/texlive/2018/texmf-dist/tex/latex/amsmath/amsgen.sty
File: amsgen.sty 1999/11/30 v2.0 generic functions
\@emptytoks=\toks14
\ex@=\dimen103
))
(/usr/local/texlive/2018/texmf-dist/tex/latex/amsmath/amsbsy.sty
Package: amsbsy 1999/11/29 v1.2d Bold Symbols
\pmbraise@=\dimen104
)
(/usr/local/texlive/2018/texmf-dist/tex/latex/amsmath/amsopn.sty
Package: amsopn 2016/03/08 v2.02 operator names
)
\inf@bad=\count88
LaTeX Info: Redefining \frac on input line 213.
\uproot@=\count89
\leftroot@=\count90
LaTeX Info: Redefining \overline on input line 375.
\classnum@=\count91
\DOTSCASE@=\count92
LaTeX Info: Redefining \ldots on input line 472.
LaTeX Info: Redefining \dots on input line 475.
LaTeX Info: Redefining \cdots on input line 596.
\Mathstrutbox@=\box26
\strutbox@=\box27
\big@size=\dimen105
LaTeX Font Info:    Redeclaring font encoding OML on input line 712.
LaTeX Font Info:    Redeclaring font encoding OMS on input line 713.
\macc@depth=\count93
\c@MaxMatrixCols=\count94
\dotsspace@=\muskip10
\c@parentequation=\count95
\dspbrk@lvl=\count96
\tag@help=\toks15
\row@=\count97
\column@=\count98
\maxfields@=\count99
\andhelp@=\toks16
\eqnshift@=\dimen106
\alignsep@=\dimen107
\tagshift@=\dimen108
\tagwidth@=\dimen109
\totwidth@=\dimen110
\lineht@=\dimen111
\@envbody=\toks17
\multlinegap=\skip44
\multlinetaggap=\skip45
\mathdisplay@stack=\toks18
LaTeX Info: Redefining \[ on input line 2817.
LaTeX Info: Redefining \] on input line 2818.
)
(/usr/local/texlive/2018/texmf-dist/tex/latex/natbib/natbib.sty
Package: natbib 2010/09/13 8.31b (PWD, AO)
\bibhang=\skip46
\bibsep=\skip47
LaTeX Info: Redefining \cite on input line 694.
\c@NAT@ctr=\count100
)
(/usr/local/texlive/2018/texmf-dist/tex/latex/graphics/graphicx.sty
Package: graphicx 2017/06/01 v1.1a Enhanced LaTeX Graphics (DPC,SPQR)

(/usr/local/texlive/2018/texmf-dist/tex/latex/graphics/keyval.sty
Package: keyval 2014/10/28 v1.15 key=value parser (DPC)
\KV@toks@=\toks19
)
(/usr/local/texlive/2018/texmf-dist/tex/latex/graphics/graphics.sty
Package: graphics 2017/06/25 v1.2c Standard LaTeX Graphics (DPC,SPQR)

(/usr/local/texlive/2018/texmf-dist/tex/latex/graphics/trig.sty
Package: trig 2016/01/03 v1.10 sin cos tan (DPC)
)
(/usr/local/texlive/2018/texmf-dist/tex/latex/graphics-cfg/graphics.cfg
File: graphics.cfg 2016/06/04 v1.11 sample graphics configuration
)
Package graphics Info: Driver file: pdftex.def on input line 99.

(/usr/local/texlive/2018/texmf-dist/tex/latex/graphics-def/pdftex.def
File: pdftex.def 2018/01/08 v1.0l Graphics/color driver for pdftex
))
\Gin@req@height=\dimen112
\Gin@req@width=\dimen113
)
(/usr/local/texlive/2018/texmf-dist/tex/latex/caption/caption.sty
Package: caption 2016/02/21 v3.3-144 Customizing captions (AR)

(/usr/local/texlive/2018/texmf-dist/tex/latex/caption/caption3.sty
Package: caption3 2016/05/22 v1.7-166 caption3 kernel (AR)
Package caption3 Info: TeX engine: e-TeX on input line 67.
\captionmargin=\dimen114
\captionmargin@=\dimen115
\captionwidth=\dimen116
\caption@tempdima=\dimen117
\caption@indent=\dimen118
\caption@parindent=\dimen119
\caption@hangindent=\dimen120
)
\c@ContinuedFloat=\count101
)
(/usr/local/texlive/2018/texmf-dist/tex/latex/preprint/authblk.sty
Package: authblk 2001/02/27 1.3 (PWD)
\affilsep=\skip48
\@affilsep=\skip49
\c@Maxaffil=\count102
\c@authors=\count103
\c@affil=\count104
)
(/usr/local/texlive/2018/texmf-dist/tex/latex/float/float.sty
Package: float 2001/11/08 v1.3d Float enhancements (AL)
\c@float@type=\count105
\float@exts=\toks20
\float@box=\box28
\@float@everytoks=\toks21
\@floatcapt=\box29
)
(/usr/local/texlive/2018/texmf-dist/tex/latex/lineno/lineno.sty
Package: lineno 2005/11/02 line numbers on paragraphs v4.41
\linenopenalty=\count106
\output=\toks22
\linenoprevgraf=\count107
\linenumbersep=\dimen121
\linenumberwidth=\dimen122
\c@linenumber=\count108
\c@pagewiselinenumber=\count109
\c@LN@truepage=\count110
\c@internallinenumber=\count111
\c@internallinenumbers=\count112
\quotelinenumbersep=\dimen123
\bframerule=\dimen124
\bframesep=\dimen125
\bframebox=\box30
LaTeX Info: Redefining \\ on input line 3056.
)
(/usr/local/texlive/2018/texmf-dist/tex/latex/graphics/rotating.sty
Package: rotating 2016/08/11 v2.16d rotated objects in LaTeX

(/usr/local/texlive/2018/texmf-dist/tex/latex/base/ifthen.sty
Package: ifthen 2014/09/29 v1.1c Standard LaTeX ifthen package (DPC)
)
\c@r@tfl@t=\count113
\rotFPtop=\skip50
\rotFPbot=\skip51
\rot@float@box=\box31
\rot@mess@toks=\toks23
)
(/usr/local/texlive/2018/texmf-dist/tex/latex/url/url.sty
\Urlmuskip=\muskip11
Package: url 2013/09/16  ver 3.4  Verb mode for urls, etc.
)
(/usr/local/texlive/2018/texmf-dist/tex/latex/placeins/placeins.sty
Package: placeins 2005/04/18  v 2.2
)
(/usr/local/texlive/2018/texmf-dist/tex/latex/titlesec/titlesec.sty
Package: titlesec 2016/03/21 v2.10.2 Sectioning titles
\ttl@box=\box32
\beforetitleunit=\skip52
\aftertitleunit=\skip53
\ttl@plus=\dimen126
\ttl@minus=\dimen127
\ttl@toksa=\toks24
\titlewidth=\dimen128
\titlewidthlast=\dimen129
\titlewidthfirst=\dimen130
)
No file main.aux.
\openout1 = `main.aux'.

LaTeX Font Info:    Checking defaults for OML/cmm/m/it on input line 34.
LaTeX Font Info:    ... okay on input line 34.
LaTeX Font Info:    Checking defaults for T1/cmr/m/n on input line 34.
LaTeX Font Info:    ... okay on input line 34.
LaTeX Font Info:    Checking defaults for OT1/cmr/m/n on input line 34.
LaTeX Font Info:    ... okay on input line 34.
LaTeX Font Info:    Checking defaults for OMS/cmsy/m/n on input line 34.
LaTeX Font Info:    ... okay on input line 34.
LaTeX Font Info:    Checking defaults for OMX/cmex/m/n on input line 34.
LaTeX Font Info:    ... okay on input line 34.
LaTeX Font Info:    Checking defaults for U/cmr/m/n on input line 34.
LaTeX Font Info:    ... okay on input line 34.
(/usr/local/texlive/2018/texmf-dist/tex/context/base/mkii/supp-pdf.mkii
[Loading MPS to PDF converter (version 2006.09.02).]
\scratchcounter=\count114
\scratchdimen=\dimen131
\scratchbox=\box33
\nofMPsegments=\count115
\nofMParguments=\count116
\everyMPshowfont=\toks25
\MPscratchCnt=\count117
\MPscratchDim=\dimen132
\MPnumerator=\count118
\makeMPintoPDFobject=\count119
\everyMPtoPDFconversion=\toks26
) (/usr/local/texlive/2018/texmf-dist/tex/latex/oberdiek/epstopdf-base.sty
Package: epstopdf-base 2016/05/15 v2.6 Base part for package epstopdf

(/usr/local/texlive/2018/texmf-dist/tex/generic/oberdiek/infwarerr.sty
Package: infwarerr 2016/05/16 v1.4 Providing info/warning/error messages (HO)
)
(/usr/local/texlive/2018/texmf-dist/tex/latex/oberdiek/grfext.sty
Package: grfext 2016/05/16 v1.2 Manage graphics extensions (HO)

(/usr/local/texlive/2018/texmf-dist/tex/generic/oberdiek/kvdefinekeys.sty
Package: kvdefinekeys 2016/05/16 v1.4 Define keys (HO)

(/usr/local/texlive/2018/texmf-dist/tex/generic/oberdiek/ltxcmds.sty
Package: ltxcmds 2016/05/16 v1.23 LaTeX kernel commands for general use (HO)
)))
(/usr/local/texlive/2018/texmf-dist/tex/latex/oberdiek/kvoptions.sty
Package: kvoptions 2016/05/16 v3.12 Key value format for package options (HO)

(/usr/local/texlive/2018/texmf-dist/tex/generic/oberdiek/kvsetkeys.sty
Package: kvsetkeys 2016/05/16 v1.17 Key value parser (HO)

(/usr/local/texlive/2018/texmf-dist/tex/generic/oberdiek/etexcmds.sty
Package: etexcmds 2016/05/16 v1.6 Avoid name clashes with e-TeX commands (HO)

(/usr/local/texlive/2018/texmf-dist/tex/generic/oberdiek/ifluatex.sty
Package: ifluatex 2016/05/16 v1.4 Provides the ifluatex switch (HO)
Package ifluatex Info: LuaTeX not detected.
)
Package etexcmds Info: Could not find \expanded.
(etexcmds)             That can mean that you are not using pdfTeX 1.50 or
(etexcmds)             that some package has redefined \expanded.
(etexcmds)             In the latter case, load this package earlier.
)))
(/usr/local/texlive/2018/texmf-dist/tex/generic/oberdiek/pdftexcmds.sty
Package: pdftexcmds 2018/01/30 v0.27 Utility functions of pdfTeX for LuaTeX (HO
)

(/usr/local/texlive/2018/texmf-dist/tex/generic/oberdiek/ifpdf.sty
Package: ifpdf 2017/03/15 v3.2 Provides the ifpdf switch
)
Package pdftexcmds Info: LuaTeX not detected.
Package pdftexcmds Info: \pdf@primitive is available.
Package pdftexcmds Info: \pdf@ifprimitive is available.
Package pdftexcmds Info: \pdfdraftmode found.
)
Package epstopdf-base Info: Redefining graphics rule for `.eps' on input line 4
38.
Package grfext Info: Graphics extension search list:
(grfext)             [.pdf,.png,.jpg,.mps,.jpeg,.jbig2,.jb2,.PDF,.PNG,.JPG,.JPE
G,.JBIG2,.JB2,.eps]
(grfext)             \AppendGraphicsExtensions on input line 456.

(/usr/local/texlive/2018/texmf-dist/tex/latex/latexconfig/epstopdf-sys.cfg
File: epstopdf-sys.cfg 2010/07/13 v1.3 Configuration of (r)epstopdf for TeX Liv
e
))
Package caption Info: Begin \AtBeginDocument code.
Package caption Info: float package is loaded.
Package caption Info: rotating package is loaded.
Package caption Info: End \AtBeginDocument code.


Package natbib Warning: Citation `wiser2016reducing' on page 1 undefined on inp
ut line 59.


Package natbib Warning: Citation `enevoldsen2019examining' on page 1 undefined 
on input line 59.


Package natbib Warning: Citation `hubler2019validation' on page 1 undefined on 
input line 59.


Package natbib Warning: Citation `hu2016reliability' on page 1 undefined on inp
ut line 59.


Package natbib Warning: Citation `ziegler2018lifetime' on page 1 undefined on i
nput line 59.


Package natbib Warning: Citation `thomsen1999fatigue' on page 1 undefined on in
put line 65.


Package natbib Warning: Citation `meng2019study' on page 1 undefined on input l
ine 67.


Package natbib Warning: Citation `kim2015study' on page 1 undefined on input li
ne 69.

[1

{/usr/local/texlive/2018/texmf-var/fonts/map/pdftex/updmap/pdftex.map}]

Package natbib Warning: Citation `bossanyi2003individual' on page 2 undefined o
n input line 74.


Package natbib Warning: Citation `njiri2019consideration' on page 2 undefined o
n input line 76.


Package natbib Warning: Citation `bernhammer2016fatigue' on page 2 undefined on
 input line 78.


Package natbib Warning: Citation `churchfield2012nwtc' on page 2 undefined on i
nput line 104.


Package natbib Warning: Citation `openfast_docs' on page 2 undefined on input l
ine 104.


Package natbib Warning: Citation `jonkman2009definition' on page 2 undefined on
 input line 104.

[2]

LaTeX Warning: Reference `flow-chart' on page 3 undefined on input line 110.



pdfTeX warning: /Library/TeX/texbin/pdflatex (file ./images/fatigue-model_up.pd
f): PDF inclusion: found PDF version <1.7>, but at most version <1.5> allowed
<images/fatigue-model_up.pdf, id=15, 469.755pt x 499.8675pt>
File: images/fatigue-model_up.pdf Graphic file (type pdf)
<use images/fatigue-model_up.pdf>
Package pdftex.def Info: images/fatigue-model_up.pdf  used on input line 114.
(pdftex.def)             Requested size: 469.75386pt x 499.86627pt.

Package natbib Warning: Citation `jonkman2006turbsim' on page 3 undefined on in
put line 137.


LaTeX Warning: Reference `turb_samps' on page 3 undefined on input line 137.

<images/turb_samps.pdf, id=16, 216.81pt x 189.3474pt>
File: images/turb_samps.pdf Graphic file (type pdf)
<use images/turb_samps.pdf>
Package pdftex.def Info: images/turb_samps.pdf  used on input line 141.
(pdftex.def)             Requested size: 216.80946pt x 189.34692pt.

Package natbib Warning: Citation `bastankhah2016experimental' on page 3 undefin
ed on input line 154.


Package natbib Warning: Citation `Thomas2018' on page 3 undefined on input line
 156.


LaTeX Warning: Reference `wake-model' on page 3 undefined on input line 157.


LaTeX Warning: Reference `sigma_y' on page 3 undefined on input line 164.


LaTeX Warning: Reference `sigma_z' on page 3 undefined on input line 164.

[3] [4 <./images/fatigue-model_up.pdf>]

LaTeX Warning: Reference `turbulence' on page 5 undefined on input line 183.


LaTeX Warning: Reference `potential_core' on page 5 undefined on input line 185
.


LaTeX Warning: Reference `sec:TI' on page 5 undefined on input line 198.


Package natbib Warning: Citation `Thomas2019' on page 5 undefined on input line
 198.


LaTeX Warning: Reference `vels_lowTI' on page 5 undefined on input line 201.


LaTeX Warning: Reference `vels_highTI' on page 5 undefined on input line 201.


LaTeX Warning: Reference `vels_highTI' on page 5 undefined on input line 201.

<images/vels_lowTI.pdf, id=33, 469.755pt x 478.42741pt>
File: images/vels_lowTI.pdf Graphic file (type pdf)
<use images/vels_lowTI.pdf>
Package pdftex.def Info: images/vels_lowTI.pdf  used on input line 212.
(pdftex.def)             Requested size: 469.75386pt x 478.42624pt.
<images/vels_highTI.pdf, id=34, 469.755pt x 478.42741pt>
File: images/vels_highTI.pdf Graphic file (type pdf)
<use images/vels_highTI.pdf>
Package pdftex.def Info: images/vels_highTI.pdf  used on input line 219.
(pdftex.def)             Requested size: 469.75386pt x 478.42624pt.
[5 <./images/turb_samps.pdf>]

LaTeX Warning: Reference `combination' on page 6 undefined on input line 224.


Package natbib Warning: Citation `niayifar2016analytical' on page 6 undefined o
n input line 231.


LaTeX Warning: Reference `speed_samples' on page 6 undefined on input line 233.


<images/rotor_samples_1.pdf, id=63, 180.675pt x 216.81pt>
File: images/rotor_samples_1.pdf Graphic file (type pdf)
<use images/rotor_samples_1.pdf>
Package pdftex.def Info: images/rotor_samples_1.pdf  used on input line 238.
(pdftex.def)             Requested size: 180.67455pt x 216.80946pt.

Package natbib Warning: Citation `ishihara2018new' on page 6 undefined on input
 line 248.


LaTeX Warning: Reference `ti_eq' on page 6 undefined on input line 248.


LaTeX Warning: Reference `d_val' on page 6 undefined on input line 255.


LaTeX Warning: Reference `e_val' on page 6 undefined on input line 255.


LaTeX Warning: Reference `f_val' on page 6 undefined on input line 255.

[6] [7 <./images/vels_lowTI.pdf>] [8 <./images/vels_highTI.pdf>]

LaTeX Warning: Reference `r_val' on page 9 undefined on input line 271.


LaTeX Warning: Reference `k1_val' on page 9 undefined on input line 277.


LaTeX Warning: Reference `k2_val' on page 9 undefined on input line 277.


LaTeX Warning: Reference `sigma_val' on page 9 undefined on input line 295.


LaTeX Warning: Reference `k_val' on page 9 undefined on input line 302.


LaTeX Warning: Reference `eps_val' on page 9 undefined on input line 302.


LaTeX Warning: Reference `ti_eq' on page 9 undefined on input line 314.


LaTeX Warning: Reference `sigma_val' on page 9 undefined on input line 314.


LaTeX Warning: Reference `new_ti' on page 9 undefined on input line 314.


LaTeX Warning: Reference `new_sig' on page 9 undefined on input line 314.


Overfull \hbox (10.40007pt too wide) detected at line 319
\OT1/cmr/m/n/10.95 ^^A[](\OML/cmm/m/it/10.95 x; y; z\OT1/cmr/m/n/10.95 ) = []([
] \OMS/cmsy/m/n/10.95 ^^A []\OML/cmm/m/it/10.95 k[] [] [] \OT1/cmr/m/n/10.95 + 
\OML/cmm/m/it/10.95 k[] [] [][] \OMS/cmsy/m/n/10.95 ^^@ \OML/cmm/m/it/10.95 ^^N
\OT1/cmr/m/n/10.95 (\OML/cmm/m/it/10.95 z\OT1/cmr/m/n/10.95 ))
 []


LaTeX Warning: Reference `TI_lowTI' on page 9 undefined on input line 326.


LaTeX Warning: Reference `TI_highTI' on page 9 undefined on input line 326.


LaTeX Warning: Reference `TI_lowTI' on page 9 undefined on input line 326.


LaTeX Warning: Reference `TI_highTI' on page 9 undefined on input line 326.

<images/TI_lowTI.pdf, id=180, 469.755pt x 469.755pt>
File: images/TI_lowTI.pdf Graphic file (type pdf)
<use images/TI_lowTI.pdf>
Package pdftex.def Info: images/TI_lowTI.pdf  used on input line 337.
(pdftex.def)             Requested size: 469.75386pt x 469.75386pt.
<images/TI_highTI.pdf, id=181, 469.755pt x 469.755pt>
File: images/TI_highTI.pdf Graphic file (type pdf)
<use images/TI_highTI.pdf>
Package pdftex.def Info: images/TI_highTI.pdf  used on input line 344.
(pdftex.def)             Requested size: 469.75386pt x 469.75386pt.
[9 <./images/rotor_samples_1.pdf>]

LaTeX Warning: Reference `int_ti' on page 10 undefined on input line 349.


Package natbib Warning: Citation `Ning2020' on page 10 undefined on input line 
362.


LaTeX Warning: Reference `omega_tsr' on page 10 undefined on input line 362.


LaTeX Warning: Reference `pitch_fig' on page 10 undefined on input line 373.

<images/pitch_degs.pdf, id=200, 216.81pt x 189.3474pt>
File: images/pitch_degs.pdf Graphic file (type pdf)
<use images/pitch_degs.pdf>
Package pdftex.def Info: images/pitch_degs.pdf  used on input line 377.
(pdftex.def)             Requested size: 216.80946pt x 189.34692pt.

LaTeX Warning: Reference `int_moms' on page 10 undefined on input line 382.

[10] [11 <./images/TI_lowTI.pdf>] [12 <./images/TI_highTI.pdf>]

LaTeX Warning: Reference `turb_intensity' on page 13 undefined on input line 40
1.


LaTeX Warning: Reference `turbulent_inflow' on page 13 undefined on input line 
408.

[13 <./images/pitch_degs.pdf>]

LaTeX Warning: Reference `scale_speed' on page 14 undefined on input line 423.


LaTeX Warning: Reference `turb_speed' on page 14 undefined on input line 430.


LaTeX Warning: Reference `turb_speed' on page 14 undefined on input line 437.


LaTeX Warning: Reference `scale_speed' on page 14 undefined on input line 437.


LaTeX Warning: Reference `scale_turb' on page 14 undefined on input line 437.


LaTeX Warning: Reference `pitch_flap' on page 14 undefined on input line 446.


LaTeX Warning: Reference `pitch_edge' on page 14 undefined on input line 446.

[14]

LaTeX Warning: Reference `moments2stress' on page 15 undefined on input line 47
7.


Package natbib Warning: Citation `budynas2020shigley' on page 15 undefined on i
nput line 477.


LaTeX Warning: Reference `moment_inertial' on page 15 undefined on input line 4
84.


LaTeX Warning: Reference `moments2stress' on page 15 undefined on input line 49
1.


Package natbib Warning: Citation `matsuishi1968fatigue' on page 15 undefined on
 input line 497.

[15]

Package natbib Warning: Citation `mandell2003new' on page 16 undefined on input
 line 503.


Package natbib Warning: Citation `hayman2012mlife' on page 16 undefined on inpu
t line 514.


Package natbib Warning: Citation `Ingersoll2018' on page 16 undefined on input 
line 521.


LaTeX Warning: Reference `miners' on page 16 undefined on input line 522.


LaTeX Warning: Reference `ncycles' on page 16 undefined on input line 528.


LaTeX Warning: Reference `t_sim' on page 16 undefined on input line 535.

[16]

LaTeX Warning: Reference `sec1' on page 17 undefined on input line 565.


LaTeX Warning: Reference `low_TI' on page 17 undefined on input line 565.


LaTeX Warning: Reference `high_TI' on page 17 undefined on input line 565.


LaTeX Warning: Reference `low_TI' on page 17 undefined on input line 567.


LaTeX Warning: Reference `high_TI' on page 17 undefined on input line 570.

<images/damage_lowTI.pdf, id=357, 469.755pt x 469.755pt>
File: images/damage_lowTI.pdf Graphic file (type pdf)
<use images/damage_lowTI.pdf>
Package pdftex.def Info: images/damage_lowTI.pdf  used on input line 589.
(pdftex.def)             Requested size: 469.75386pt x 469.75386pt.
<images/damage_highTI.pdf, id=358, 469.755pt x 478.42741pt>
File: images/damage_highTI.pdf Graphic file (type pdf)
<use images/damage_highTI.pdf>
Package pdftex.def Info: images/damage_highTI.pdf  used on input line 596.
(pdftex.def)             Requested size: 469.75386pt x 478.42624pt.

LaTeX Warning: Reference `vels_highTI' on page 17 undefined on input line 601.


LaTeX Warning: Reference `TI_highTI' on page 17 undefined on input line 601.


LaTeX Warning: Reference `vels_highTI' on page 17 undefined on input line 601.


LaTeX Warning: Reference `TI_highTI' on page 17 undefined on input line 601.


LaTeX Warning: Reference `SOWFA_damage' on page 17 undefined on input line 601.


<images/damage_highTI_SOWFA.pdf, id=359, 469.755pt x 478.42741pt>
File: images/damage_highTI_SOWFA.pdf Graphic file (type pdf)
<use images/damage_highTI_SOWFA.pdf>
Package pdftex.def Info: images/damage_highTI_SOWFA.pdf  used on input line 605
.
(pdftex.def)             Requested size: 469.75386pt x 478.42624pt.

LaTeX Warning: Reference `low_TI' on page 17 undefined on input line 621.


LaTeX Warning: Reference `SOWFA_damage' on page 17 undefined on input line 621.



LaTeX Warning: Reference `partial_loading' on page 17 undefined on input line 6
21.

<images/partial_loading.pdf, id=360, 397.485pt x 433.62pt>
File: images/partial_loading.pdf Graphic file (type pdf)
<use images/partial_loading.pdf>
Package pdftex.def Info: images/partial_loading.pdf  used on input line 625.
(pdftex.def)             Requested size: 397.48402pt x 433.61894pt.
[17] [18 <./images/damage_lowTI.pdf>] [19 <./images/damage_highTI.pdf>]
[20 <./images/damage_highTI_SOWFA.pdf>]

LaTeX Warning: Reference `power_curve' on page 21 undefined on input line 632.


LaTeX Warning: Reference `windrose' on page 21 undefined on input line 647.


LaTeX Warning: Reference `low_TI' on page 21 undefined on input line 647.

<images/windrose.pdf, id=571, 433.62pt x 225.4824pt>
File: images/windrose.pdf Graphic file (type pdf)
<use images/windrose.pdf>
Package pdftex.def Info: images/windrose.pdf  used on input line 651.
(pdftex.def)             Requested size: 433.61894pt x 225.48184pt.

LaTeX Warning: Reference `optimization' on page 21 undefined on input line 656.


[21] [22 <./images/partial_loading.pdf>]

Package natbib Warning: Citation `gill2005snopt' on page 23 undefined on input 
line 672.


Package natbib Warning: Citation `revels2016forward' on page 23 undefined on in
put line 672.


LaTeX Warning: Reference `layouts' on page 23 undefined on input line 679.


LaTeX Warning: Reference `opt_damages' on page 23 undefined on input line 679.


LaTeX Warning: Reference `layouts' on page 23 undefined on input line 679.


LaTeX Warning: Reference `low_TI' on page 23 undefined on input line 680.

<images/opt_layouts40.pdf, id=607, 469.755pt x 207.4149pt>
File: images/opt_layouts40.pdf Graphic file (type pdf)
<use images/opt_layouts40.pdf>
Package pdftex.def Info: images/opt_layouts40.pdf  used on input line 684.
(pdftex.def)             Requested size: 469.75386pt x 207.41438pt.
[23 <./images/windrose.pdf>]

LaTeX Warning: Reference `opt_damages' on page 24 undefined on input line 690.


LaTeX Warning: Reference `layouts' on page 24 undefined on input line 690.

<images/opt_damage_vals40.pdf, id=640, 469.755pt x 189.3474pt>
File: images/opt_damage_vals40.pdf Graphic file (type pdf)
<use images/opt_damage_vals40.pdf>
Package pdftex.def Info: images/opt_damage_vals40.pdf  used on input line 694.
(pdftex.def)             Requested size: 469.75386pt x 189.34692pt.

LaTeX Warning: Reference `layouts_circ' on page 24 undefined on input line 705.



LaTeX Warning: Reference `opt_damages_circ' on page 24 undefined on input line 
705.


LaTeX Warning: Reference `layouts_circ' on page 24 undefined on input line 705.


[24 <./images/opt_layouts40.pdf>]
<images/opt_layouts20.pdf, id=675, 469.755pt x 207.4149pt>
File: images/opt_layouts20.pdf Graphic file (type pdf)
<use images/opt_layouts20.pdf>
Package pdftex.def Info: images/opt_layouts20.pdf  used on input line 713.
(pdftex.def)             Requested size: 469.75386pt x 207.41438pt.


LaTeX Warning: Reference `opt_damages_circ' on page 25 undefined on input line 
719.


LaTeX Warning: Reference `layouts_circ' on page 25 undefined on input line 719.


<images/opt_damage_vals20.pdf, id=676, 469.755pt x 189.3474pt>
File: images/opt_damage_vals20.pdf Graphic file (type pdf)
<use images/opt_damage_vals20.pdf>
Package pdftex.def Info: images/opt_damage_vals20.pdf  used on input line 724.
(pdftex.def)             Requested size: 469.75386pt x 189.34692pt.

LaTeX Warning: Reference `pareto' on page 25 undefined on input line 733.

<images/damage_aep_paretos.pdf, id=677, 469.755pt x 153.2124pt>
File: images/damage_aep_paretos.pdf Graphic file (type pdf)
<use images/damage_aep_paretos.pdf>
Package pdftex.def Info: images/damage_aep_paretos.pdf  used on input line 737.

(pdftex.def)             Requested size: 469.75386pt x 153.212pt.
[25 <./images/opt_damage_vals40.pdf>] [26 <./images/opt_layouts20.pdf> <./image
s/opt_damage_vals20.pdf

pdfTeX warning: /Library/TeX/texbin/pdflatex (file ./images/opt_damage_vals20.p
df): PDF inclusion: multiple pdfs with page group included in a single page
>]

LaTeX Warning: Reference `low_TI' on page 27 undefined on input line 758.


LaTeX Warning: Reference `high_TI' on page 27 undefined on input line 758.


Package natbib Warning: Citation `stanley2020wind' on page 27 undefined on inpu
t line 760.

[27 <./images/damage_aep_paretos.pdf>]
No file main.bbl.

Package natbib Warning: Citation `fleming2013sowfa' on page 28 undefined on inp
ut line 787.


Package natbib Warning: Citation `fleming2015simulation' on page 28 undefined o
n input line 787.


Package natbib Warning: Citation `gebraad2016wind' on page 28 undefined on inpu
t line 787.


Package natbib Warning: Citation `fleming2013sowfa' on page 28 undefined on inp
ut line 789.

[28]
LaTeX Font Info:    Try loading font information for OMS+cmr on input line 796.

 (/usr/local/texlive/2018/texmf-dist/tex/latex/base/omscmr.fd
File: omscmr.fd 2014/09/29 v2.5h Standard LaTeX font definitions
)
LaTeX Font Info:    Font shape `OMS/cmr/m/n' in size <10.95> not available
(Font)              Font shape `OMS/cmsy/m/n' tried instead on input line 796.


LaTeX Warning: Reference `fig:sowfa_slices_for_FAST_input' on page 29 undefined
 on input line 803.

<images/sowfa_slices.png, id=829, 433.62pt x 252.945pt>
File: images/sowfa_slices.png Graphic file (type png)
<use images/sowfa_slices.png>
Package pdftex.def Info: images/sowfa_slices.png  used on input line 807.
(pdftex.def)             Requested size: 433.61894pt x 252.94438pt.

Package natbib Warning: There were undefined citations.

[29 <./images/sowfa_slices.png>] (./main.aux)

LaTeX Warning: There were undefined references.


LaTeX Warning: Label(s) may have changed. Rerun to get cross-references right.

 ) 
Here is how much of TeX's memory you used:
 4403 strings out of 492649
 65497 string characters out of 6129622
 140755 words of memory out of 5000000
 8214 multiletter control sequences out of 15000+600000
 9573 words of font info for 35 fonts, out of 8000000 for 9000
 1141 hyphenation exceptions out of 8191
 41i,9n,39p,1981b,285s stack positions out of 5000i,500n,10000p,200000b,80000s
</usr/local/texlive/2018/texmf-dist/fonts/type1/public/amsfonts/cm/cmbx10.pfb
></usr/local/texlive/2018/texmf-dist/fonts/type1/public/amsfonts/cm/cmex10.pfb>
</usr/local/texlive/2018/texmf-dist/fonts/type1/public/amsfonts/cm/cmmi10.pfb><
/usr/local/texlive/2018/texmf-dist/fonts/type1/public/amsfonts/cm/cmmi8.pfb></u
sr/local/texlive/2018/texmf-dist/fonts/type1/public/amsfonts/cm/cmr10.pfb></usr
/local/texlive/2018/texmf-dist/fonts/type1/public/amsfonts/cm/cmr12.pfb></usr/l
ocal/texlive/2018/texmf-dist/fonts/type1/public/amsfonts/cm/cmr17.pfb></usr/loc
al/texlive/2018/texmf-dist/fonts/type1/public/amsfonts/cm/cmr6.pfb></usr/local/
texlive/2018/texmf-dist/fonts/type1/public/amsfonts/cm/cmr8.pfb></usr/local/tex
live/2018/texmf-dist/fonts/type1/public/amsfonts/cm/cmss8.pfb></usr/local/texli
ve/2018/texmf-dist/fonts/type1/public/amsfonts/cm/cmsy10.pfb></usr/local/texliv
e/2018/texmf-dist/fonts/type1/public/amsfonts/cm/cmsy6.pfb></usr/local/texlive/
2018/texmf-dist/fonts/type1/public/amsfonts/cm/cmsy8.pfb></usr/local/texlive/20
18/texmf-dist/fonts/type1/public/amsfonts/cm/cmtt10.pfb>
Output written on main.pdf (29 pages, 1400030 bytes).
PDF statistics:
 881 PDF objects out of 1000 (max. 8388607)
 241 compressed objects within 3 object streams
 0 named destinations out of 1000 (max. 500000)
 96 words of extra memory for PDF output out of 10000 (max. 10000000)

