This is pdfTeX, Version 3.14159265-2.6-1.40.19 (TeX Live 2018) (preloaded format=pdflatex 2018.4.16)  22 JUL 2020 13:38
entering extended mode
 restricted \write18 enabled.
 file:line:error style messages enabled.
 %&-line parsing enabled.
**draft2.tex
(./draft2.tex
LaTeX2e <2018-04-01> patch level 2
Babel <3.18> and hyphenation patterns for 84 language(s) loaded.
(/usr/local/texlive/2018/texmf-dist/tex/latex/base/article.cls
Document Class: article 2014/09/29 v1.4h Standard LaTeX document class
(/usr/local/texlive/2018/texmf-dist/tex/latex/base/size11.clo
File: size11.clo 2014/09/29 v1.4h Standard LaTeX file (size option)
)
\c@part=\count80
\c@section=\count81
\c@subsection=\count82
\c@subsubsection=\count83
\c@paragraph=\count84
\c@subparagraph=\count85
\c@figure=\count86
\c@table=\count87
\abovecaptionskip=\skip41
\belowcaptionskip=\skip42
\bibindent=\dimen102
)
(/usr/local/texlive/2018/texmf-dist/tex/latex/amsmath/amsmath.sty
Package: amsmath 2017/09/02 v2.17a AMS math features
\@mathmargin=\skip43

For additional information on amsmath, use the `?' option.
(/usr/local/texlive/2018/texmf-dist/tex/latex/amsmath/amstext.sty
Package: amstext 2000/06/29 v2.01 AMS text

(/usr/local/texlive/2018/texmf-dist/tex/latex/amsmath/amsgen.sty
File: amsgen.sty 1999/11/30 v2.0 generic functions
\@emptytoks=\toks14
\ex@=\dimen103
))
(/usr/local/texlive/2018/texmf-dist/tex/latex/amsmath/amsbsy.sty
Package: amsbsy 1999/11/29 v1.2d Bold Symbols
\pmbraise@=\dimen104
)
(/usr/local/texlive/2018/texmf-dist/tex/latex/amsmath/amsopn.sty
Package: amsopn 2016/03/08 v2.02 operator names
)
\inf@bad=\count88
LaTeX Info: Redefining \frac on input line 213.
\uproot@=\count89
\leftroot@=\count90
LaTeX Info: Redefining \overline on input line 375.
\classnum@=\count91
\DOTSCASE@=\count92
LaTeX Info: Redefining \ldots on input line 472.
LaTeX Info: Redefining \dots on input line 475.
LaTeX Info: Redefining \cdots on input line 596.
\Mathstrutbox@=\box26
\strutbox@=\box27
\big@size=\dimen105
LaTeX Font Info:    Redeclaring font encoding OML on input line 712.
LaTeX Font Info:    Redeclaring font encoding OMS on input line 713.
\macc@depth=\count93
\c@MaxMatrixCols=\count94
\dotsspace@=\muskip10
\c@parentequation=\count95
\dspbrk@lvl=\count96
\tag@help=\toks15
\row@=\count97
\column@=\count98
\maxfields@=\count99
\andhelp@=\toks16
\eqnshift@=\dimen106
\alignsep@=\dimen107
\tagshift@=\dimen108
\tagwidth@=\dimen109
\totwidth@=\dimen110
\lineht@=\dimen111
\@envbody=\toks17
\multlinegap=\skip44
\multlinetaggap=\skip45
\mathdisplay@stack=\toks18
LaTeX Info: Redefining \[ on input line 2817.
LaTeX Info: Redefining \] on input line 2818.
)
(/usr/local/texlive/2018/texmf-dist/tex/latex/natbib/natbib.sty
Package: natbib 2010/09/13 8.31b (PWD, AO)
\bibhang=\skip46
\bibsep=\skip47
LaTeX Info: Redefining \cite on input line 694.
\c@NAT@ctr=\count100
)
(/usr/local/texlive/2018/texmf-dist/tex/latex/graphics/graphicx.sty
Package: graphicx 2017/06/01 v1.1a Enhanced LaTeX Graphics (DPC,SPQR)

(/usr/local/texlive/2018/texmf-dist/tex/latex/graphics/keyval.sty
Package: keyval 2014/10/28 v1.15 key=value parser (DPC)
\KV@toks@=\toks19
)
(/usr/local/texlive/2018/texmf-dist/tex/latex/graphics/graphics.sty
Package: graphics 2017/06/25 v1.2c Standard LaTeX Graphics (DPC,SPQR)

(/usr/local/texlive/2018/texmf-dist/tex/latex/graphics/trig.sty
Package: trig 2016/01/03 v1.10 sin cos tan (DPC)
)
(/usr/local/texlive/2018/texmf-dist/tex/latex/graphics-cfg/graphics.cfg
File: graphics.cfg 2016/06/04 v1.11 sample graphics configuration
)
Package graphics Info: Driver file: pdftex.def on input line 99.

(/usr/local/texlive/2018/texmf-dist/tex/latex/graphics-def/pdftex.def
File: pdftex.def 2018/01/08 v1.0l Graphics/color driver for pdftex
))
\Gin@req@height=\dimen112
\Gin@req@width=\dimen113
)
(/usr/local/texlive/2018/texmf-dist/tex/latex/caption/caption.sty
Package: caption 2016/02/21 v3.3-144 Customizing captions (AR)

(/usr/local/texlive/2018/texmf-dist/tex/latex/caption/caption3.sty
Package: caption3 2016/05/22 v1.7-166 caption3 kernel (AR)
Package caption3 Info: TeX engine: e-TeX on input line 67.
\captionmargin=\dimen114
\captionmargin@=\dimen115
\captionwidth=\dimen116
\caption@tempdima=\dimen117
\caption@indent=\dimen118
\caption@parindent=\dimen119
\caption@hangindent=\dimen120
)
\c@ContinuedFloat=\count101
)
(/usr/local/texlive/2018/texmf-dist/tex/latex/preprint/authblk.sty
Package: authblk 2001/02/27 1.3 (PWD)
\affilsep=\skip48
\@affilsep=\skip49
\c@Maxaffil=\count102
\c@authors=\count103
\c@affil=\count104
)
(/usr/local/texlive/2018/texmf-dist/tex/latex/float/float.sty
Package: float 2001/11/08 v1.3d Float enhancements (AL)
\c@float@type=\count105
\float@exts=\toks20
\float@box=\box28
\@float@everytoks=\toks21
\@floatcapt=\box29
)
(/usr/local/texlive/2018/texmf-dist/tex/latex/lineno/lineno.sty
Package: lineno 2005/11/02 line numbers on paragraphs v4.41
\linenopenalty=\count106
\output=\toks22
\linenoprevgraf=\count107
\linenumbersep=\dimen121
\linenumberwidth=\dimen122
\c@linenumber=\count108
\c@pagewiselinenumber=\count109
\c@LN@truepage=\count110
\c@internallinenumber=\count111
\c@internallinenumbers=\count112
\quotelinenumbersep=\dimen123
\bframerule=\dimen124
\bframesep=\dimen125
\bframebox=\box30
LaTeX Info: Redefining \\ on input line 3056.
)
(/usr/local/texlive/2018/texmf-dist/tex/latex/graphics/rotating.sty
Package: rotating 2016/08/11 v2.16d rotated objects in LaTeX

(/usr/local/texlive/2018/texmf-dist/tex/latex/base/ifthen.sty
Package: ifthen 2014/09/29 v1.1c Standard LaTeX ifthen package (DPC)
)
\c@r@tfl@t=\count113
\rotFPtop=\skip50
\rotFPbot=\skip51
\rot@float@box=\box31
\rot@mess@toks=\toks23
)
(/usr/local/texlive/2018/texmf-dist/tex/latex/url/url.sty
\Urlmuskip=\muskip11
Package: url 2013/09/16  ver 3.4  Verb mode for urls, etc.
)
(/usr/local/texlive/2018/texmf-dist/tex/latex/placeins/placeins.sty
Package: placeins 2005/04/18  v 2.2
)
(/usr/local/texlive/2018/texmf-dist/tex/latex/booktabs/booktabs.sty
Package: booktabs 2016/04/27 v1.618033 publication quality tables
\heavyrulewidth=\dimen126
\lightrulewidth=\dimen127
\cmidrulewidth=\dimen128
\belowrulesep=\dimen129
\belowbottomsep=\dimen130
\aboverulesep=\dimen131
\abovetopsep=\dimen132
\cmidrulesep=\dimen133
\cmidrulekern=\dimen134
\defaultaddspace=\dimen135
\@cmidla=\count114
\@cmidlb=\count115
\@aboverulesep=\dimen136
\@belowrulesep=\dimen137
\@thisruleclass=\count116
\@lastruleclass=\count117
\@thisrulewidth=\dimen138
)
(/usr/local/texlive/2018/texmf-dist/tex/latex/titlesec/titlesec.sty
Package: titlesec 2016/03/21 v2.10.2 Sectioning titles
\ttl@box=\box32
\beforetitleunit=\skip52
\aftertitleunit=\skip53
\ttl@plus=\dimen139
\ttl@minus=\dimen140
\ttl@toksa=\toks24
\titlewidth=\dimen141
\titlewidthlast=\dimen142
\titlewidthfirst=\dimen143
)
(./draft2.aux)
\openout1 = `draft2.aux'.

LaTeX Font Info:    Checking defaults for OML/cmm/m/it on input line 36.
LaTeX Font Info:    ... okay on input line 36.
LaTeX Font Info:    Checking defaults for T1/cmr/m/n on input line 36.
LaTeX Font Info:    ... okay on input line 36.
LaTeX Font Info:    Checking defaults for OT1/cmr/m/n on input line 36.
LaTeX Font Info:    ... okay on input line 36.
LaTeX Font Info:    Checking defaults for OMS/cmsy/m/n on input line 36.
LaTeX Font Info:    ... okay on input line 36.
LaTeX Font Info:    Checking defaults for OMX/cmex/m/n on input line 36.
LaTeX Font Info:    ... okay on input line 36.
LaTeX Font Info:    Checking defaults for U/cmr/m/n on input line 36.
LaTeX Font Info:    ... okay on input line 36.

(/usr/local/texlive/2018/texmf-dist/tex/context/base/mkii/supp-pdf.mkii
[Loading MPS to PDF converter (version 2006.09.02).]
\scratchcounter=\count118
\scratchdimen=\dimen144
\scratchbox=\box33
\nofMPsegments=\count119
\nofMParguments=\count120
\everyMPshowfont=\toks25
\MPscratchCnt=\count121
\MPscratchDim=\dimen145
\MPnumerator=\count122
\makeMPintoPDFobject=\count123
\everyMPtoPDFconversion=\toks26
) (/usr/local/texlive/2018/texmf-dist/tex/latex/oberdiek/epstopdf-base.sty
Package: epstopdf-base 2016/05/15 v2.6 Base part for package epstopdf

(/usr/local/texlive/2018/texmf-dist/tex/generic/oberdiek/infwarerr.sty
Package: infwarerr 2016/05/16 v1.4 Providing info/warning/error messages (HO)
)
(/usr/local/texlive/2018/texmf-dist/tex/latex/oberdiek/grfext.sty
Package: grfext 2016/05/16 v1.2 Manage graphics extensions (HO)

(/usr/local/texlive/2018/texmf-dist/tex/generic/oberdiek/kvdefinekeys.sty
Package: kvdefinekeys 2016/05/16 v1.4 Define keys (HO)

(/usr/local/texlive/2018/texmf-dist/tex/generic/oberdiek/ltxcmds.sty
Package: ltxcmds 2016/05/16 v1.23 LaTeX kernel commands for general use (HO)
)))
(/usr/local/texlive/2018/texmf-dist/tex/latex/oberdiek/kvoptions.sty
Package: kvoptions 2016/05/16 v3.12 Key value format for package options (HO)

(/usr/local/texlive/2018/texmf-dist/tex/generic/oberdiek/kvsetkeys.sty
Package: kvsetkeys 2016/05/16 v1.17 Key value parser (HO)

(/usr/local/texlive/2018/texmf-dist/tex/generic/oberdiek/etexcmds.sty
Package: etexcmds 2016/05/16 v1.6 Avoid name clashes with e-TeX commands (HO)

(/usr/local/texlive/2018/texmf-dist/tex/generic/oberdiek/ifluatex.sty
Package: ifluatex 2016/05/16 v1.4 Provides the ifluatex switch (HO)
Package ifluatex Info: LuaTeX not detected.
)
Package etexcmds Info: Could not find \expanded.
(etexcmds)             That can mean that you are not using pdfTeX 1.50 or
(etexcmds)             that some package has redefined \expanded.
(etexcmds)             In the latter case, load this package earlier.
)))
(/usr/local/texlive/2018/texmf-dist/tex/generic/oberdiek/pdftexcmds.sty
Package: pdftexcmds 2018/01/30 v0.27 Utility functions of pdfTeX for LuaTeX (HO
)

(/usr/local/texlive/2018/texmf-dist/tex/generic/oberdiek/ifpdf.sty
Package: ifpdf 2017/03/15 v3.2 Provides the ifpdf switch
)
Package pdftexcmds Info: LuaTeX not detected.
Package pdftexcmds Info: \pdf@primitive is available.
Package pdftexcmds Info: \pdf@ifprimitive is available.
Package pdftexcmds Info: \pdfdraftmode found.
)
Package epstopdf-base Info: Redefining graphics rule for `.eps' on input line 4
38.
Package grfext Info: Graphics extension search list:
(grfext)             [.pdf,.png,.jpg,.mps,.jpeg,.jbig2,.jb2,.PDF,.PNG,.JPG,.JPE
G,.JBIG2,.JB2,.eps]
(grfext)             \AppendGraphicsExtensions on input line 456.

(/usr/local/texlive/2018/texmf-dist/tex/latex/latexconfig/epstopdf-sys.cfg
File: epstopdf-sys.cfg 2010/07/13 v1.3 Configuration of (r)epstopdf for TeX Liv
e
))
Package caption Info: Begin \AtBeginDocument code.
Package caption Info: float package is loaded.
Package caption Info: rotating package is loaded.
Package caption Info: End \AtBeginDocument code.

[1

{/usr/local/texlive/2018/texmf-var/fonts/map/pdftex/updmap/pdftex.map}]
[2]

pdfTeX warning: /Library/TeX/texbin/pdflatex (file ./images/loads_flow2.pdf): P
DF inclusion: found PDF version <1.7>, but at most version <1.5> allowed
<images/loads_flow2.pdf, id=15, 578.16pt x 443.6575pt>
File: images/loads_flow2.pdf Graphic file (type pdf)
<use images/loads_flow2.pdf>
Package pdftex.def Info: images/loads_flow2.pdf  used on input line 123.
(pdftex.def)             Requested size: 469.75499pt x 360.47083pt.
[3 <./images/loads_flow2.pdf>]
<images/turb_samps2.pdf, id=25, 216.81pt x 189.3474pt>
File: images/turb_samps2.pdf Graphic file (type pdf)
<use images/turb_samps2.pdf>
Package pdftex.def Info: images/turb_samps2.pdf  used on input line 159.
(pdftex.def)             Requested size: 216.80946pt x 189.34692pt.
<images/pitch_fig.pdf, id=26, 180.675pt x 144.54pt>
File: images/pitch_fig.pdf Graphic file (type pdf)
<use images/pitch_fig.pdf>
Package pdftex.def Info: images/pitch_fig.pdf  used on input line 185.
(pdftex.def)             Requested size: 180.67455pt x 144.53963pt.
 [4 <./images/turb_samps2.pdf>]
<images/surrogate_no.pdf, id=55, 469.755pt x 180.675pt>
File: images/surrogate_no.pdf Graphic file (type pdf)
<use images/surrogate_no.pdf>
Package pdftex.def Info: images/surrogate_no.pdf  used on input line 235.
(pdftex.def)             Requested size: 469.75386pt x 180.67455pt.
<images/surrogate_pitch.pdf, id=56, 469.755pt x 180.675pt>
File: images/surrogate_pitch.pdf Graphic file (type pdf)
<use images/surrogate_pitch.pdf>
Package pdftex.def Info: images/surrogate_pitch.pdf  used on input line 242.
(pdftex.def)             Requested size: 469.75386pt x 180.67455pt.
 [5 <./images/pitch_fig.pdf>] [6 <./images/surrogate_no.pdf> <./images/surrogat
e_pitch.pdf

pdfTeX warning: /Library/TeX/texbin/pdflatex (file ./images/surrogate_pitch.pdf
): PDF inclusion: multiple pdfs with page group included in a single page
>] [7]
<images/vels_all.pdf, id=180, 469.755pt x 469.755pt>
File: images/vels_all.pdf Graphic file (type pdf)
<use images/vels_all.pdf>
Package pdftex.def Info: images/vels_all.pdf  used on input line 339.
(pdftex.def)             Requested size: 469.75386pt x 469.75386pt.
<images/rotor_samples_1.pdf, id=181, 180.675pt x 216.81pt>
File: images/rotor_samples_1.pdf Graphic file (type pdf)
<use images/rotor_samples_1.pdf>
Package pdftex.def Info: images/rotor_samples_1.pdf  used on input line 358.
(pdftex.def)             Requested size: 180.67455pt x 216.80946pt.
<images/damage_samples.pdf, id=182, 469.755pt x 158.99399pt>
File: images/damage_samples.pdf Graphic file (type pdf)
<use images/damage_samples.pdf>
Package pdftex.def Info: images/damage_samples.pdf  used on input line 365.
(pdftex.def)             Requested size: 469.75386pt x 158.99359pt.
 [8] [9 <./images/vels_all.pdf>] [10 <./images/rotor_samples_1.pdf> <./images/d
amage_samples.pdf

pdfTeX warning: /Library/TeX/texbin/pdflatex (file ./images/damage_samples.pdf)
: PDF inclusion: multiple pdfs with page group included in a single page
>]
Overfull \hbox (10.40007pt too wide) detected at line 447
\OT1/cmr/m/n/10.95 ^^A[](\OML/cmm/m/it/10.95 x; y; z\OT1/cmr/m/n/10.95 ) = []([
] \OMS/cmsy/m/n/10.95 ^^A []\OML/cmm/m/it/10.95 k[] [] [] \OT1/cmr/m/n/10.95 + 
\OML/cmm/m/it/10.95 k[] [] [][] \OMS/cmsy/m/n/10.95 ^^@ \OML/cmm/m/it/10.95 ^^N
\OT1/cmr/m/n/10.95 (\OML/cmm/m/it/10.95 z\OT1/cmr/m/n/10.95 ))
 []

[11]
<images/TI_all.pdf, id=298, 469.755pt x 469.755pt>
File: images/TI_all.pdf Graphic file (type pdf)
<use images/TI_all.pdf>
Package pdftex.def Info: images/TI_all.pdf  used on input line 478.
(pdftex.def)             Requested size: 469.75386pt x 469.75386pt.
 [12] [13 <./images/TI_all.pdf>] [14] [15] [16] [17]
<images/damage_lowTI_low.pdf, id=374, 469.755pt x 361.35pt>
File: images/damage_lowTI_low.pdf Graphic file (type pdf)
<use images/damage_lowTI_low.pdf>
Package pdftex.def Info: images/damage_lowTI_low.pdf  used on input line 714.
(pdftex.def)             Requested size: 469.75386pt x 361.34912pt.
<images/damage_highTI_low.pdf, id=375, 469.755pt x 361.35pt>
File: images/damage_highTI_low.pdf Graphic file (type pdf)
<use images/damage_highTI_low.pdf>
Package pdftex.def Info: images/damage_highTI_low.pdf  used on input line 721.
(pdftex.def)             Requested size: 469.75386pt x 361.34912pt.
<images/partial_loading.pdf, id=376, 397.485pt x 433.62pt>
File: images/partial_loading.pdf Graphic file (type pdf)
<use images/partial_loading.pdf>
Package pdftex.def Info: images/partial_loading.pdf  used on input line 750.
(pdftex.def)             Requested size: 397.48402pt x 433.61894pt.
 [18 <./images/damage_lowTI_low.pdf>] [19 <./images/damage_highTI_low.pdf>]
<images/windrose_uni.pdf, id=499, 433.62pt x 216.81pt>
File: images/windrose_uni.pdf Graphic file (type pdf)
<use images/windrose_uni.pdf>
Package pdftex.def Info: images/windrose_uni.pdf  used on input line 786.
(pdftex.def)             Requested size: 433.61894pt x 216.80946pt.
 [20] [21 <./images/partial_loading.pdf>] [22 <./images/windrose_uni.pdf>]
<images/opt_layouts_0_7.pdf, id=565, 469.755pt x 198.7425pt>
File: images/opt_layouts_0_7.pdf Graphic file (type pdf)
<use images/opt_layouts_0_7.pdf>
Package pdftex.def Info: images/opt_layouts_0_7.pdf  used on input line 822.
(pdftex.def)             Requested size: 469.75386pt x 198.742pt.
<images/opt_layouts_circles.pdf, id=566, 216.81pt x 180.675pt>
File: images/opt_layouts_circles.pdf Graphic file (type pdf)
<use images/opt_layouts_circles.pdf>
Package pdftex.def Info: images/opt_layouts_circles.pdf  used on input line 831
.
(pdftex.def)             Requested size: 216.80946pt x 180.67455pt.
<images/opt_damage_vals0_7.pdf, id=567, 469.755pt x 180.675pt>
File: images/opt_damage_vals0_7.pdf Graphic file (type pdf)
<use images/opt_damage_vals0_7.pdf>
Package pdftex.def Info: images/opt_damage_vals0_7.pdf  used on input line 843.

(pdftex.def)             Requested size: 469.75386pt x 180.67455pt.
 [23 <./images/opt_layouts_0_7.pdf>]
<images/pareto.pdf, id=604, 216.81pt x 180.675pt>
File: images/pareto.pdf Graphic file (type pdf)
<use images/pareto.pdf>
Package pdftex.def Info: images/pareto.pdf  used on input line 886.
(pdftex.def)             Requested size: 216.80946pt x 180.67455pt.
 [24 <./images/opt_layouts_circles.pdf>] [25 <./images/opt_damage_vals0_7.pdf> 
<./images/pareto.pdf

pdfTeX warning: /Library/TeX/texbin/pdflatex (file ./images/pareto.pdf): PDF in
clusion: multiple pdfs with page group included in a single page
>] [26] (./draft2.bbl [27] [28]) [29]
LaTeX Font Info:    Try loading font information for OMS+cmr on input line 944.


(/usr/local/texlive/2018/texmf-dist/tex/latex/base/omscmr.fd
File: omscmr.fd 2014/09/29 v2.5h Standard LaTeX font definitions
)
LaTeX Font Info:    Font shape `OMS/cmr/m/n' in size <10.95> not available
(Font)              Font shape `OMS/cmsy/m/n' tried instead on input line 944.
<images/sowfa_slices.png, id=690, 433.62pt x 252.945pt>
File: images/sowfa_slices.png Graphic file (type png)
<use images/sowfa_slices.png>
Package pdftex.def Info: images/sowfa_slices.png  used on input line 955.
(pdftex.def)             Requested size: 433.61894pt x 252.94438pt.
 [30] [31 <./images/sowfa_slices.png>] (./draft2.aux) ) 
Here is how much of TeX's memory you used:
 4559 strings out of 492649
 68550 string characters out of 6129622
 141582 words of memory out of 5000000
 8362 multiletter control sequences out of 15000+600000
 9919 words of font info for 36 fonts, out of 8000000 for 9000
 1141 hyphenation exceptions out of 8191
 41i,11n,39p,1983b,354s stack positions out of 5000i,500n,10000p,200000b,80000s
</usr/local/texlive/2018
/texmf-dist/fonts/type1/public/amsfonts/cm/cmbx10.pfb></usr/local/texlive/2018/
texmf-dist/fonts/type1/public/amsfonts/cm/cmex10.pfb></usr/local/texlive/2018/t
exmf-dist/fonts/type1/public/amsfonts/cm/cmmi10.pfb></usr/local/texlive/2018/te
xmf-dist/fonts/type1/public/amsfonts/cm/cmmi8.pfb></usr/local/texlive/2018/texm
f-dist/fonts/type1/public/amsfonts/cm/cmr10.pfb></usr/local/texlive/2018/texmf-
dist/fonts/type1/public/amsfonts/cm/cmr12.pfb></usr/local/texlive/2018/texmf-di
st/fonts/type1/public/amsfonts/cm/cmr17.pfb></usr/local/texlive/2018/texmf-dist
/fonts/type1/public/amsfonts/cm/cmr6.pfb></usr/local/texlive/2018/texmf-dist/fo
nts/type1/public/amsfonts/cm/cmr8.pfb></usr/local/texlive/2018/texmf-dist/fonts
/type1/public/amsfonts/cm/cmss8.pfb></usr/local/texlive/2018/texmf-dist/fonts/t
ype1/public/amsfonts/cm/cmsy10.pfb></usr/local/texlive/2018/texmf-dist/fonts/ty
pe1/public/amsfonts/cm/cmsy6.pfb></usr/local/texlive/2018/texmf-dist/fonts/type
1/public/amsfonts/cm/cmsy8.pfb></usr/local/texlive/2018/texmf-dist/fonts/type1/
public/amsfonts/cm/cmti10.pfb></usr/local/texlive/2018/texmf-dist/fonts/type1/p
ublic/amsfonts/cm/cmtt10.pfb>
Output written on draft2.pdf (31 pages, 1367053 bytes).
PDF statistics:
 749 PDF objects out of 1000 (max. 8388607)
 217 compressed objects within 3 object streams
 0 named destinations out of 1000 (max. 500000)
 91 words of extra memory for PDF output out of 10000 (max. 10000000)

